###############################################################################
#
# IAR C/C++ Compiler V4.20.1.5803/W32 for Renesas RX      23/Dec/2022  10:10:15
# Copyright 2009-2020 IAR Systems AB.
# PC-locked license - IAR Embedded Workbench for Renesas RX, 64K KickStart Edition 4.20
#
#    Source file       =  ..\src\RXv3_RegBankSave_helper.c
#    Command line      =
#        ..\src\RXv3_RegBankSave_helper.c -o src\RXv3_RegBankSave_helper.o
#        --no_wrap_diagnostics -e --align_func=1 --tfu=intrinsic_mathlib -Ohs
#        --no_size_constraints --no_cross_call --debug -lC ./ -I
#        C:\Renesas\GitHubDesktop\workspaces\workspace_e2v202210\RXv3_RegBankSave\RXv3_RX72T_Motor_CG_IAR\src\smc_gen\r_config/
#        -I
#        C:\Renesas\GitHubDesktop\workspaces\workspace_e2v202210\RXv3_RegBankSave\RXv3_RX72T_Motor_CG_IAR\src\smc_gen\r_pincfg/
#        -I
#        C:\Renesas\GitHubDesktop\workspaces\workspace_e2v202210\RXv3_RegBankSave\RXv3_RX72T_Motor_CG_IAR\src\smc_gen\general/
#        -I
#        C:\Renesas\GitHubDesktop\workspaces\workspace_e2v202210\RXv3_RegBankSave\RXv3_RX72T_Motor_CG_IAR\src\smc_gen\r_bsp/
#        -I
#        C:\Renesas\GitHubDesktop\workspaces\workspace_e2v202210\RXv3_RegBankSave\RXv3_RX72T_Motor_CG_IAR\src\smc_gen\Config_MTU3_MTU4/
#        --remarks --save_acc --endian l --core rxv3 --fpu=32 --data_model=f
#        --double=64 --int=32 --dlib_config
#        C:/Renesas/EWB/8.4/rx/LIB/dlrxdlln.h
#    Locale            =  C
#    List file         =  ./RXv3_RegBankSave_helper.lst
#    Object file       =  src\RXv3_RegBankSave_helper.o
#    Runtime model:       
#      __SystemLibrary =  DLib
#      __calling_conv  =  abi10
#      __core          =  3
#      __double_size   =  64
#      __endian        =  l
#      __enum_size     =  *
#      __fpu           =  1
#      __int_size      =  32
#      __lock_R10      =  0
#      __lock_R11      =  0
#      __lock_R12      =  0
#      __lock_R13      =  0
#      __lock_R8       =  0
#      __lock_R9       =  0
#      __rt_version    =  5
#      __size_limit    =  65536
#
###############################################################################


   \                                 In section .data24.bss, align 4
C:\Renesas\GitHubDesktop\workspaces\workspace_e2v202210\RXv3_RegBankSave\RXv3_RX72T_Motor_CG_IAR\src\RXv3_RegBankSave_helper.c
      1          unsigned int cnt;
   \                     _cnt:
   \   000000              DS8 4
      2          

   \                                 In section .data24.bss, align 4
      3          double dbl;
   \                     _dbl:
   \   000000              DS8 8
      4          void i_fnc_4_2(void);

   \                                 In section .text, align 1, keep-with-next
      5          void i_fnc_4_2(void)
      6          {
      7              if(dbl > 1.0)
   \                     _i_fnc_4_2:
   \   000000 FB 5E        MOV.L     #_dbl:24,R5   ;  N 

   \          ..'....
   \   000005 EC 53        MOV.L     [R5],R3       ;  N
   \   000007 A8 5C        MOV.L     0x4[R5],R4    ;  N
   \   000009 66 11        MOV.L     #0x1,R1       ;  N
   \   00000B FB 22 00 00  MOV.L     #0x3ff00000,R2        ;  N 

   \          F0 3F
   \   000011 05 ..'....   BSR.A     __iar_cmpge64f        ;  N
   \   000015 24 0C        BGTU      ??i_fnc_4_2_0 ;  N
      8              {
      9                  dbl = 1.0;
   \   000017 F8 56 00     MOV.L     #0x0,[R5]     ;  N
   \   00001A F9 52 01 00  MOV.L     #0x3ff00000,0x4[R5]   ;  N 

   \          00 F0 3F
     10              }
     11          }
   \                     ??i_fnc_4_2_0:
   \   000021 02           RTS
     12          
     13          #if defined(__CCRX__)
     14          
     15          #if 0 /* 1: Without SmartConfigurator, 0: With SmartConfigurator. */
     16          
     17          #include <stdio.h>
     18          
     19          #int write(int fd, const void *buf, size_t byte)
     20          {
     21              (void) fd; (void) buf; (void) byte;
     22              return -1;
     23          }
     24          
     25          int read(int fd, void *buf, size_t byte)
     26          {
     27              (void) fd; (void) buf; (void) byte;
     28              return -1;
     29          }
     30          
     31          #endif
     32          
     33          #endif
     34          
     35          #if defined(__GNUC__)
     36          
     37          #if 0 /* 1: Without SmartConfigurator, 0: With SmartConfigurator. */
     38          
     39          #include <unistd.h>
     40          #include <sys/stat.h>
     41          
     42          int write(int fd, const void *buf, size_t byte)
     43          {
     44              (void) fd; (void) buf; (void) byte;
     45              return -1;
     46          }
     47          
     48          int read(int fd, void *buf, size_t byte)
     49          {
     50              (void) fd; (void) buf; (void) byte;
     51              return -1;
     52          }
     53          
     54          off_t lseek (int fd, off_t offset, int whence)
     55          {
     56              (void) fd; (void) offset; (void) whence;
     57              return -1;
     58          }
     59          
     60          int isatty(int fd)
     61          {
     62              (void) fd;
     63              return 0;
     64          }
     65          
     66          int close(int fd)
     67          {
     68              (void) fd;
     69              return -1;
     70          }
     71          
     72          int fstat(int fd, struct stat *buf)
     73          {
     74              (void) fd; (void) buf;
     75              return -1;
     76          }
     77          
     78          #endif
     79          
     80          #include <stdlib.h>
     81          
     82          void abort(void)
     83          {
     84             exit(-1);
     85          }
     86          
     87          #endif

   Maximum stack usage in bytes:

   ISTACK Function
   ------ --------
      4   i_fnc_4_2


   Section sizes:

   Bytes  Function/Label
   -----  --------------
       4  cnt
       8  dbl
      34  i_fnc_4_2

 
 12 bytes in section .data24.bss
 34 bytes in section .text
 
 34 bytes of CODE memory
 12 bytes of DATA memory

Errors: none
Warnings: none
