   1                             		.file	"RXv3_Check_NO_FSQRT_DSQRT_etc.c"
   2                             		.section P,"ax"
   3                             	.Ltext0:
   4                             		.section	.text.Check_DPUSHM_DPOPM,"ax",@progbits
   6                             	_Check_DPUSHM_DPOPM:
   7                             	.LFB3:
   8                             		.file 1 "../src/RXv3_Check_NO_FSQRT_DSQRT_etc.c"
   1:../src/RXv3_Check_NO_FSQRT_DSQRT_etc.c **** #include <math.h>
   2:../src/RXv3_Check_NO_FSQRT_DSQRT_etc.c **** 
   3:../src/RXv3_Check_NO_FSQRT_DSQRT_etc.c **** #if defined(__CCRX__)
   4:../src/RXv3_Check_NO_FSQRT_DSQRT_etc.c **** // Use -library=function option for this source file.
   5:../src/RXv3_Check_NO_FSQRT_DSQRT_etc.c **** // Use -nouse_div_inst option for this source file.
   6:../src/RXv3_Check_NO_FSQRT_DSQRT_etc.c **** // Don't use -tfu=intrinsic,mathlib option for this file.
   7:../src/RXv3_Check_NO_FSQRT_DSQRT_etc.c **** #elif defined(__ICCRX__)
   8:../src/RXv3_Check_NO_FSQRT_DSQRT_etc.c **** // Use --sqrt_must_set_errno option for this source file.
   9:../src/RXv3_Check_NO_FSQRT_DSQRT_etc.c **** // Don't use --tfu intrinsic_mathlib option for this source file.
  10:../src/RXv3_Check_NO_FSQRT_DSQRT_etc.c **** #elif defined(__GNUC__)
  11:../src/RXv3_Check_NO_FSQRT_DSQRT_etc.c **** // Don't use -mrxv2-fsqrt option for this source file.
  12:../src/RXv3_Check_NO_FSQRT_DSQRT_etc.c **** // Don't use -mtfu=intrinsic,mathlib option for this source file.
  13:../src/RXv3_Check_NO_FSQRT_DSQRT_etc.c **** #endif
  14:../src/RXv3_Check_NO_FSQRT_DSQRT_etc.c **** // Be aware that some RXv3 MCUs don't have all features of RXv3 as follows.
  15:../src/RXv3_Check_NO_FSQRT_DSQRT_etc.c **** //                      RX66T RX66N RX671 RX660 RX72T RX72N RX72M
  16:../src/RXv3_Check_NO_FSQRT_DSQRT_etc.c **** // Max Operating MHz    160   120   120   120   200   240   240
  17:../src/RXv3_Check_NO_FSQRT_DSQRT_etc.c **** // Register Bank Save   x     o     o     o     o     o     o
  18:../src/RXv3_Check_NO_FSQRT_DSQRT_etc.c **** // DPFPU                x     o     o     x     x     o     o
  19:../src/RXv3_Check_NO_FSQRT_DSQRT_etc.c **** // TFU                  x     x     x     o     o     o     o
  20:../src/RXv3_Check_NO_FSQRT_DSQRT_etc.c **** 
  21:../src/RXv3_Check_NO_FSQRT_DSQRT_etc.c **** static double Check_Not_Using_DSQRT(double x);
  22:../src/RXv3_Check_NO_FSQRT_DSQRT_etc.c **** static double Check_Not_Using_DSQRT(double x)
  23:../src/RXv3_Check_NO_FSQRT_DSQRT_etc.c **** {
  24:../src/RXv3_Check_NO_FSQRT_DSQRT_etc.c ****     return sqrt(x);  // DSQRT is used in library.
  25:../src/RXv3_Check_NO_FSQRT_DSQRT_etc.c **** }
  26:../src/RXv3_Check_NO_FSQRT_DSQRT_etc.c **** 
  27:../src/RXv3_Check_NO_FSQRT_DSQRT_etc.c **** static float Check_Not_Using_FSQRT(float x);
  28:../src/RXv3_Check_NO_FSQRT_DSQRT_etc.c **** static float Check_Not_Using_FSQRT(float x)
  29:../src/RXv3_Check_NO_FSQRT_DSQRT_etc.c **** {
  30:../src/RXv3_Check_NO_FSQRT_DSQRT_etc.c ****     return sqrtf(x); // FSQRT is used in library.
  31:../src/RXv3_Check_NO_FSQRT_DSQRT_etc.c **** }
  32:../src/RXv3_Check_NO_FSQRT_DSQRT_etc.c **** 
  33:../src/RXv3_Check_NO_FSQRT_DSQRT_etc.c **** void *m_debug_Check_Not_Using_DSQRT = (void *)Check_Not_Using_DSQRT;
  34:../src/RXv3_Check_NO_FSQRT_DSQRT_etc.c **** void *m_debug_Check_Not_Using_FSQRT = (void *)Check_Not_Using_FSQRT;
  35:../src/RXv3_Check_NO_FSQRT_DSQRT_etc.c **** 
  36:../src/RXv3_Check_NO_FSQRT_DSQRT_etc.c **** extern double d1, d2;
  37:../src/RXv3_Check_NO_FSQRT_DSQRT_etc.c **** extern float f1, f2;
  38:../src/RXv3_Check_NO_FSQRT_DSQRT_etc.c **** 
  39:../src/RXv3_Check_NO_FSQRT_DSQRT_etc.c **** #if defined(__CCRX__)
  40:../src/RXv3_Check_NO_FSQRT_DSQRT_etc.c **** 
  41:../src/RXv3_Check_NO_FSQRT_DSQRT_etc.c **** static void Check_Not_Using_DDIV(void);
  42:../src/RXv3_Check_NO_FSQRT_DSQRT_etc.c **** static void Check_Not_Using_DDIV(void)
  43:../src/RXv3_Check_NO_FSQRT_DSQRT_etc.c **** {
  44:../src/RXv3_Check_NO_FSQRT_DSQRT_etc.c ****     d2 = d1 / d2;
  45:../src/RXv3_Check_NO_FSQRT_DSQRT_etc.c **** }
  46:../src/RXv3_Check_NO_FSQRT_DSQRT_etc.c **** 
  47:../src/RXv3_Check_NO_FSQRT_DSQRT_etc.c **** static void Check_Not_Using_FDIV(void);
  48:../src/RXv3_Check_NO_FSQRT_DSQRT_etc.c **** static void Check_Not_Using_FDIV(void)
  49:../src/RXv3_Check_NO_FSQRT_DSQRT_etc.c **** {
  50:../src/RXv3_Check_NO_FSQRT_DSQRT_etc.c ****     f2 = f1 / f2;
  51:../src/RXv3_Check_NO_FSQRT_DSQRT_etc.c **** }
  52:../src/RXv3_Check_NO_FSQRT_DSQRT_etc.c **** 
  53:../src/RXv3_Check_NO_FSQRT_DSQRT_etc.c **** void *m_debug_Check_Not_Using_DDIV = (void *)Check_Not_Using_DDIV;
  54:../src/RXv3_Check_NO_FSQRT_DSQRT_etc.c **** void *m_debug_Check_Not_Using_FDIV = (void *)Check_Not_Using_FDIV;
  55:../src/RXv3_Check_NO_FSQRT_DSQRT_etc.c **** 
  56:../src/RXv3_Check_NO_FSQRT_DSQRT_etc.c **** #endif
  57:../src/RXv3_Check_NO_FSQRT_DSQRT_etc.c **** 
  58:../src/RXv3_Check_NO_FSQRT_DSQRT_etc.c **** void Check_Not_Using_DSQRT_FSQRT(void);
  59:../src/RXv3_Check_NO_FSQRT_DSQRT_etc.c **** void Check_Not_Using_DSQRT_FSQRT(void)
  60:../src/RXv3_Check_NO_FSQRT_DSQRT_etc.c **** {
  61:../src/RXv3_Check_NO_FSQRT_DSQRT_etc.c ****     ((double (*)(double))m_debug_Check_Not_Using_DSQRT)(4.0);
  62:../src/RXv3_Check_NO_FSQRT_DSQRT_etc.c ****     ((float (*)(float))m_debug_Check_Not_Using_FSQRT)(4.0);
  63:../src/RXv3_Check_NO_FSQRT_DSQRT_etc.c **** }
  64:../src/RXv3_Check_NO_FSQRT_DSQRT_etc.c **** 
  65:../src/RXv3_Check_NO_FSQRT_DSQRT_etc.c **** extern double dA, dB, dC, dD;
  66:../src/RXv3_Check_NO_FSQRT_DSQRT_etc.c **** static void Check_DPUSHM_DPOPM(void);
  67:../src/RXv3_Check_NO_FSQRT_DSQRT_etc.c **** static void Check_DPUSHM_DPOPM(void)
  68:../src/RXv3_Check_NO_FSQRT_DSQRT_etc.c **** {
   9                             		.loc 1 68 1 view -0
  10 0000 75 B0 0F                		dpushm.d	dr0-dr15
  11 0003 75 A0 10                		dpushm.l	dcmr-dcmr
  12                             	.LCFI0:
  69:../src/RXv3_Check_NO_FSQRT_DSQRT_etc.c ****     double d3, d4, d5, d6, d7, d8, d9, d10, d11, d12, d13, d14, d15, d16;
  13                             		.loc 1 69 5 view .LVU1
  70:../src/RXv3_Check_NO_FSQRT_DSQRT_etc.c **** 
  71:../src/RXv3_Check_NO_FSQRT_DSQRT_etc.c ****     d3  = d1 + d2 +  3.0;
  14                             		.loc 1 71 5 view .LVU2
  15                             		.loc 1 71 14 is_stmt 0 view .LVU3
  16 0006 FB 52 00 00 00 00       		mov.L	#_d1, r5
  17 000c FC C8 58 50             		dmov.D	[r5], dr5
  18 0010 FB 52 00 00 00 00       		mov.L	#_d2, r5
  19 0016 FC C8 58 00             		dmov.D	[r5], dr0
  72:../src/RXv3_Check_NO_FSQRT_DSQRT_etc.c ****     d4  = d1 - d2 +  4.0;
  20                             		.loc 1 72 14 view .LVU4
  21 001a 76 90 51 30             		dsub	dr0, dr5, dr3
  71:../src/RXv3_Check_NO_FSQRT_DSQRT_etc.c ****     d4  = d1 - d2 +  4.0;
  22                             		.loc 1 71 14 view .LVU5
  23 001e 76 90 00 55             		dadd	dr5, dr0, dr5
  71:../src/RXv3_Check_NO_FSQRT_DSQRT_etc.c ****     d4  = d1 - d2 +  4.0;
  24                             		.loc 1 71 9 view .LVU6
  25 0022 F9 03 13 00 00 08 40    		dmov.D	#0x40080000, drh1
  26 0029 76 90 10 15             		dadd	dr5, dr1, dr1
  27                             	.LVL0:
  28                             		.loc 1 72 5 is_stmt 1 view .LVU7
  29                             		.loc 1 72 9 is_stmt 0 view .LVU8
  30 002d F9 03 63 00 00 10 40    		dmov.D	#0x40100000, drh6
  31 0034 76 90 60 63             		dadd	dr3, dr6, dr6
  32                             	.LVL1:
  73:../src/RXv3_Check_NO_FSQRT_DSQRT_etc.c ****     d5  = d1 + d2 +  5.0;
  33                             		.loc 1 73 5 is_stmt 1 view .LVU9
  34                             		.loc 1 73 9 is_stmt 0 view .LVU10
  35 0038 F9 03 F3 00 00 14 40    		dmov.D	#0x40140000, drh15
  36 003f 76 90 F0 F5             		dadd	dr5, dr15, dr15
  37                             	.LVL2:
  74:../src/RXv3_Check_NO_FSQRT_DSQRT_etc.c ****     d6  = d1 - d2 +  6.0;
  38                             		.loc 1 74 5 is_stmt 1 view .LVU11
  75:../src/RXv3_Check_NO_FSQRT_DSQRT_etc.c ****     d7  = d1 + d2 +  7.0;
  76:../src/RXv3_Check_NO_FSQRT_DSQRT_etc.c ****     d8  = d1 - d2 +  8.0;
  77:../src/RXv3_Check_NO_FSQRT_DSQRT_etc.c ****     d9  = d1 + d2 +  9.0;
  78:../src/RXv3_Check_NO_FSQRT_DSQRT_etc.c ****     d10 = d1 - d2 + 10.0;
  79:../src/RXv3_Check_NO_FSQRT_DSQRT_etc.c ****     d11 = d1 + d2 + 11.0;
  80:../src/RXv3_Check_NO_FSQRT_DSQRT_etc.c ****     d12 = d1 - d2 + 12.0;
  81:../src/RXv3_Check_NO_FSQRT_DSQRT_etc.c ****     d13 = d1 + d2 + 13.0;
  82:../src/RXv3_Check_NO_FSQRT_DSQRT_etc.c ****     d14 = d1 - d2 + 14.0;
  83:../src/RXv3_Check_NO_FSQRT_DSQRT_etc.c ****     d15 = d1 + d2 + 15.0;
  84:../src/RXv3_Check_NO_FSQRT_DSQRT_etc.c ****     d16 = d1 - d2 + 16.0;
  85:../src/RXv3_Check_NO_FSQRT_DSQRT_etc.c **** 
  86:../src/RXv3_Check_NO_FSQRT_DSQRT_etc.c ****     dA = d3 + d4 + d5 + d6 + d7 + d8 + d9 + d10 + d11 + d12 + d13 + d14 + d15 + d16;
  87:../src/RXv3_Check_NO_FSQRT_DSQRT_etc.c ****     dB = d3 * d4 * d5 * d6 * d7 * d8 * d9 * d10 * d11 * d12 * d13 * d14 * d15 * d16;
  39                             		.loc 1 87 13 is_stmt 0 view .LVU12
  40 0043 76 90 62 41             		dmul	dr1, dr6, dr4
  88:../src/RXv3_Check_NO_FSQRT_DSQRT_etc.c ****     dC = d3 - d4 - d5 - d6 - d7 - d8 - d9 - d10 - d11 - d12 - d13 - d14 - d15 - d16;
  41                             		.loc 1 88 13 view .LVU13
  42 0047 76 90 11 06             		dsub	dr6, dr1, dr0
  74:../src/RXv3_Check_NO_FSQRT_DSQRT_etc.c ****     d6  = d1 - d2 +  6.0;
  43                             		.loc 1 74 9 view .LVU14
  44 004b F9 03 E3 00 00 18 40    		dmov.D	#0x40180000, drh14
  45 0052 76 90 E0 E3             		dadd	dr3, dr14, dr14
  46                             	.LVL3:
  75:../src/RXv3_Check_NO_FSQRT_DSQRT_etc.c ****     d7  = d1 + d2 +  7.0;
  47                             		.loc 1 75 5 is_stmt 1 view .LVU15
  87:../src/RXv3_Check_NO_FSQRT_DSQRT_etc.c ****     dC = d3 - d4 - d5 - d6 - d7 - d8 - d9 - d10 - d11 - d12 - d13 - d14 - d15 - d16;
  48                             		.loc 1 87 18 is_stmt 0 view .LVU16
  49 0056 76 90 F2 44             		dmul	dr4, dr15, dr4
  50                             		.loc 1 88 18 view .LVU17
  51 005a 76 90 01 0F             		dsub	dr15, dr0, dr0
  75:../src/RXv3_Check_NO_FSQRT_DSQRT_etc.c ****     d7  = d1 + d2 +  7.0;
  52                             		.loc 1 75 9 view .LVU18
  53 005e F9 03 D3 00 00 1C 40    		dmov.D	#0x401c0000, drh13
  54 0065 76 90 D0 D5             		dadd	dr5, dr13, dr13
  55                             	.LVL4:
  76:../src/RXv3_Check_NO_FSQRT_DSQRT_etc.c ****     d9  = d1 + d2 +  9.0;
  56                             		.loc 1 76 5 is_stmt 1 view .LVU19
  87:../src/RXv3_Check_NO_FSQRT_DSQRT_etc.c ****     dC = d3 - d4 - d5 - d6 - d7 - d8 - d9 - d10 - d11 - d12 - d13 - d14 - d15 - d16;
  57                             		.loc 1 87 23 is_stmt 0 view .LVU20
  58 0069 76 90 E2 44             		dmul	dr4, dr14, dr4
  59                             		.loc 1 88 23 view .LVU21
  60 006d 76 90 01 0E             		dsub	dr14, dr0, dr0
  76:../src/RXv3_Check_NO_FSQRT_DSQRT_etc.c ****     d9  = d1 + d2 +  9.0;
  61                             		.loc 1 76 9 view .LVU22
  62 0071 F9 03 C3 00 00 20 40    		dmov.D	#0x40200000, drh12
  63 0078 76 90 C0 C3             		dadd	dr3, dr12, dr12
  64                             	.LVL5:
  77:../src/RXv3_Check_NO_FSQRT_DSQRT_etc.c ****     d10 = d1 - d2 + 10.0;
  65                             		.loc 1 77 5 is_stmt 1 view .LVU23
  87:../src/RXv3_Check_NO_FSQRT_DSQRT_etc.c ****     dC = d3 - d4 - d5 - d6 - d7 - d8 - d9 - d10 - d11 - d12 - d13 - d14 - d15 - d16;
  66                             		.loc 1 87 28 is_stmt 0 view .LVU24
  67 007c 76 90 D2 44             		dmul	dr4, dr13, dr4
  68                             		.loc 1 88 28 view .LVU25
  69 0080 76 90 01 0D             		dsub	dr13, dr0, dr0
  77:../src/RXv3_Check_NO_FSQRT_DSQRT_etc.c ****     d10 = d1 - d2 + 10.0;
  70                             		.loc 1 77 9 view .LVU26
  71 0084 F9 03 B3 00 00 22 40    		dmov.D	#0x40220000, drh11
  72 008b 76 90 B0 B5             		dadd	dr5, dr11, dr11
  73                             	.LVL6:
  78:../src/RXv3_Check_NO_FSQRT_DSQRT_etc.c ****     d11 = d1 + d2 + 11.0;
  74                             		.loc 1 78 5 is_stmt 1 view .LVU27
  87:../src/RXv3_Check_NO_FSQRT_DSQRT_etc.c ****     dC = d3 - d4 - d5 - d6 - d7 - d8 - d9 - d10 - d11 - d12 - d13 - d14 - d15 - d16;
  75                             		.loc 1 87 33 is_stmt 0 view .LVU28
  76 008f 76 90 C2 44             		dmul	dr4, dr12, dr4
  77                             		.loc 1 88 33 view .LVU29
  78 0093 76 90 01 0C             		dsub	dr12, dr0, dr0
  78:../src/RXv3_Check_NO_FSQRT_DSQRT_etc.c ****     d11 = d1 + d2 + 11.0;
  79                             		.loc 1 78 9 view .LVU30
  80 0097 F9 03 A3 00 00 24 40    		dmov.D	#0x40240000, drh10
  81 009e 76 90 A0 A3             		dadd	dr3, dr10, dr10
  82                             	.LVL7:
  79:../src/RXv3_Check_NO_FSQRT_DSQRT_etc.c ****     d12 = d1 - d2 + 12.0;
  83                             		.loc 1 79 5 is_stmt 1 view .LVU31
  87:../src/RXv3_Check_NO_FSQRT_DSQRT_etc.c ****     dC = d3 - d4 - d5 - d6 - d7 - d8 - d9 - d10 - d11 - d12 - d13 - d14 - d15 - d16;
  84                             		.loc 1 87 38 is_stmt 0 view .LVU32
  85 00a2 76 90 B2 44             		dmul	dr4, dr11, dr4
  86                             		.loc 1 88 38 view .LVU33
  87 00a6 76 90 01 0B             		dsub	dr11, dr0, dr0
  79:../src/RXv3_Check_NO_FSQRT_DSQRT_etc.c ****     d12 = d1 - d2 + 12.0;
  88                             		.loc 1 79 9 view .LVU34
  89 00aa F9 03 93 00 00 26 40    		dmov.D	#0x40260000, drh9
  90 00b1 76 90 90 95             		dadd	dr5, dr9, dr9
  91                             	.LVL8:
  80:../src/RXv3_Check_NO_FSQRT_DSQRT_etc.c ****     d13 = d1 + d2 + 13.0;
  92                             		.loc 1 80 5 is_stmt 1 view .LVU35
  87:../src/RXv3_Check_NO_FSQRT_DSQRT_etc.c ****     dC = d3 - d4 - d5 - d6 - d7 - d8 - d9 - d10 - d11 - d12 - d13 - d14 - d15 - d16;
  93                             		.loc 1 87 43 is_stmt 0 view .LVU36
  94 00b5 76 90 A2 44             		dmul	dr4, dr10, dr4
  95                             		.loc 1 88 43 view .LVU37
  96 00b9 76 90 01 0A             		dsub	dr10, dr0, dr0
  80:../src/RXv3_Check_NO_FSQRT_DSQRT_etc.c ****     d13 = d1 + d2 + 13.0;
  97                             		.loc 1 80 9 view .LVU38
  98 00bd F9 03 83 00 00 28 40    		dmov.D	#0x40280000, drh8
  99 00c4 76 90 80 83             		dadd	dr3, dr8, dr8
 100                             	.LVL9:
  81:../src/RXv3_Check_NO_FSQRT_DSQRT_etc.c ****     d14 = d1 - d2 + 14.0;
 101                             		.loc 1 81 5 is_stmt 1 view .LVU39
  87:../src/RXv3_Check_NO_FSQRT_DSQRT_etc.c ****     dC = d3 - d4 - d5 - d6 - d7 - d8 - d9 - d10 - d11 - d12 - d13 - d14 - d15 - d16;
 102                             		.loc 1 87 49 is_stmt 0 view .LVU40
 103 00c8 76 90 92 44             		dmul	dr4, dr9, dr4
 104                             		.loc 1 88 49 view .LVU41
 105 00cc 76 90 01 09             		dsub	dr9, dr0, dr0
  81:../src/RXv3_Check_NO_FSQRT_DSQRT_etc.c ****     d14 = d1 - d2 + 14.0;
 106                             		.loc 1 81 9 view .LVU42
 107 00d0 F9 03 73 00 00 2A 40    		dmov.D	#0x402a0000, drh7
 108 00d7 76 90 70 75             		dadd	dr5, dr7, dr7
 109                             	.LVL10:
  82:../src/RXv3_Check_NO_FSQRT_DSQRT_etc.c ****     d15 = d1 + d2 + 15.0;
 110                             		.loc 1 82 5 is_stmt 1 view .LVU43
  87:../src/RXv3_Check_NO_FSQRT_DSQRT_etc.c ****     dC = d3 - d4 - d5 - d6 - d7 - d8 - d9 - d10 - d11 - d12 - d13 - d14 - d15 - d16;
 111                             		.loc 1 87 55 is_stmt 0 view .LVU44
 112 00db 76 90 82 44             		dmul	dr4, dr8, dr4
 113                             		.loc 1 88 55 view .LVU45
 114 00df 76 90 01 08             		dsub	dr8, dr0, dr0
  89:../src/RXv3_Check_NO_FSQRT_DSQRT_etc.c ****     dD = d3 / d4 / d5 / d6 / d7 / d8 / d9 / d10 / d11 / d12 / d13 / d14 / d15 / d16;
 115                             		.loc 1 89 13 view .LVU46
 116 00e3 76 90 15 26             		ddiv	dr6, dr1, dr2
  86:../src/RXv3_Check_NO_FSQRT_DSQRT_etc.c ****     dB = d3 * d4 * d5 * d6 * d7 * d8 * d9 * d10 * d11 * d12 * d13 * d14 * d15 * d16;
 117                             		.loc 1 86 13 view .LVU47
 118 00e7 76 90 60 11             		dadd	dr1, dr6, dr1
 119                             	.LVL11:
  82:../src/RXv3_Check_NO_FSQRT_DSQRT_etc.c ****     d15 = d1 + d2 + 15.0;
 120                             		.loc 1 82 9 view .LVU48
 121 00eb F9 03 63 00 00 2C 40    		dmov.D	#0x402c0000, drh6
 122                             	.LVL12:
  82:../src/RXv3_Check_NO_FSQRT_DSQRT_etc.c ****     d15 = d1 + d2 + 15.0;
 123                             		.loc 1 82 9 view .LVU49
 124 00f2 76 90 60 63             		dadd	dr3, dr6, dr6
 125                             	.LVL13:
  83:../src/RXv3_Check_NO_FSQRT_DSQRT_etc.c ****     d16 = d1 - d2 + 16.0;
 126                             		.loc 1 83 5 is_stmt 1 view .LVU50
  87:../src/RXv3_Check_NO_FSQRT_DSQRT_etc.c ****     dC = d3 - d4 - d5 - d6 - d7 - d8 - d9 - d10 - d11 - d12 - d13 - d14 - d15 - d16;
 127                             		.loc 1 87 61 is_stmt 0 view .LVU51
 128 00f6 76 90 72 44             		dmul	dr4, dr7, dr4
  88:../src/RXv3_Check_NO_FSQRT_DSQRT_etc.c ****     dD = d3 / d4 / d5 / d6 / d7 / d8 / d9 / d10 / d11 / d12 / d13 / d14 / d15 / d16;
 129                             		.loc 1 88 61 view .LVU52
 130 00fa 76 90 01 07             		dsub	dr7, dr0, dr0
 131                             		.loc 1 89 18 view .LVU53
 132 00fe 76 90 25 2F             		ddiv	dr15, dr2, dr2
  86:../src/RXv3_Check_NO_FSQRT_DSQRT_etc.c ****     dB = d3 * d4 * d5 * d6 * d7 * d8 * d9 * d10 * d11 * d12 * d13 * d14 * d15 * d16;
 133                             		.loc 1 86 18 view .LVU54
 134 0102 76 90 F0 11             		dadd	dr1, dr15, dr1
  83:../src/RXv3_Check_NO_FSQRT_DSQRT_etc.c ****     d16 = d1 - d2 + 16.0;
 135                             		.loc 1 83 9 view .LVU55
 136 0106 F9 03 F3 00 00 2E 40    		dmov.D	#0x402e0000, drh15
 137                             	.LVL14:
  83:../src/RXv3_Check_NO_FSQRT_DSQRT_etc.c ****     d16 = d1 - d2 + 16.0;
 138                             		.loc 1 83 9 view .LVU56
 139 010d 76 90 F0 55             		dadd	dr5, dr15, dr5
 140                             	.LVL15:
  84:../src/RXv3_Check_NO_FSQRT_DSQRT_etc.c **** 
 141                             		.loc 1 84 5 is_stmt 1 view .LVU57
  87:../src/RXv3_Check_NO_FSQRT_DSQRT_etc.c ****     dC = d3 - d4 - d5 - d6 - d7 - d8 - d9 - d10 - d11 - d12 - d13 - d14 - d15 - d16;
 142                             		.loc 1 87 67 is_stmt 0 view .LVU58
 143 0111 76 90 62 44             		dmul	dr4, dr6, dr4
  88:../src/RXv3_Check_NO_FSQRT_DSQRT_etc.c ****     dD = d3 / d4 / d5 / d6 / d7 / d8 / d9 / d10 / d11 / d12 / d13 / d14 / d15 / d16;
 144                             		.loc 1 88 67 view .LVU59
 145 0115 76 90 01 06             		dsub	dr6, dr0, dr0
 146                             		.loc 1 89 23 view .LVU60
 147 0119 76 90 25 2E             		ddiv	dr14, dr2, dr2
  86:../src/RXv3_Check_NO_FSQRT_DSQRT_etc.c ****     dB = d3 * d4 * d5 * d6 * d7 * d8 * d9 * d10 * d11 * d12 * d13 * d14 * d15 * d16;
 148                             		.loc 1 86 23 view .LVU61
 149 011d 76 90 E0 11             		dadd	dr1, dr14, dr1
  84:../src/RXv3_Check_NO_FSQRT_DSQRT_etc.c **** 
 150                             		.loc 1 84 9 view .LVU62
 151 0121 F9 03 E3 00 00 30 40    		dmov.D	#0x40300000, drh14
 152                             	.LVL16:
  84:../src/RXv3_Check_NO_FSQRT_DSQRT_etc.c **** 
 153                             		.loc 1 84 9 view .LVU63
 154 0128 76 90 E0 33             		dadd	dr3, dr14, dr3
 155                             	.LVL17:
  86:../src/RXv3_Check_NO_FSQRT_DSQRT_etc.c ****     dB = d3 * d4 * d5 * d6 * d7 * d8 * d9 * d10 * d11 * d12 * d13 * d14 * d15 * d16;
 156                             		.loc 1 86 5 is_stmt 1 view .LVU64
  87:../src/RXv3_Check_NO_FSQRT_DSQRT_etc.c ****     dC = d3 - d4 - d5 - d6 - d7 - d8 - d9 - d10 - d11 - d12 - d13 - d14 - d15 - d16;
 157                             		.loc 1 87 73 is_stmt 0 view .LVU65
 158 012c 76 90 52 44             		dmul	dr4, dr5, dr4
  88:../src/RXv3_Check_NO_FSQRT_DSQRT_etc.c ****     dD = d3 / d4 / d5 / d6 / d7 / d8 / d9 / d10 / d11 / d12 / d13 / d14 / d15 / d16;
 159                             		.loc 1 88 73 view .LVU66
 160 0130 76 90 01 05             		dsub	dr5, dr0, dr0
 161                             		.loc 1 89 28 view .LVU67
 162 0134 76 90 25 2D             		ddiv	dr13, dr2, dr2
  86:../src/RXv3_Check_NO_FSQRT_DSQRT_etc.c ****     dB = d3 * d4 * d5 * d6 * d7 * d8 * d9 * d10 * d11 * d12 * d13 * d14 * d15 * d16;
 163                             		.loc 1 86 28 view .LVU68
 164 0138 76 90 D0 11             		dadd	dr1, dr13, dr1
  87:../src/RXv3_Check_NO_FSQRT_DSQRT_etc.c ****     dC = d3 - d4 - d5 - d6 - d7 - d8 - d9 - d10 - d11 - d12 - d13 - d14 - d15 - d16;
 165                             		.loc 1 87 79 view .LVU69
 166 013c 76 90 32 44             		dmul	dr4, dr3, dr4
  88:../src/RXv3_Check_NO_FSQRT_DSQRT_etc.c ****     dD = d3 / d4 / d5 / d6 / d7 / d8 / d9 / d10 / d11 / d12 / d13 / d14 / d15 / d16;
 167                             		.loc 1 88 79 view .LVU70
 168 0140 76 90 01 03             		dsub	dr3, dr0, dr0
  86:../src/RXv3_Check_NO_FSQRT_DSQRT_etc.c ****     dB = d3 * d4 * d5 * d6 * d7 * d8 * d9 * d10 * d11 * d12 * d13 * d14 * d15 * d16;
 169                             		.loc 1 86 33 view .LVU71
 170 0144 76 90 C0 11             		dadd	dr1, dr12, dr1
 171                             		.loc 1 89 33 view .LVU72
 172 0148 76 90 25 2C             		ddiv	dr12, dr2, dr2
 173                             		.loc 1 89 38 view .LVU73
 174 014c 76 90 25 2B             		ddiv	dr11, dr2, dr2
  86:../src/RXv3_Check_NO_FSQRT_DSQRT_etc.c ****     dB = d3 * d4 * d5 * d6 * d7 * d8 * d9 * d10 * d11 * d12 * d13 * d14 * d15 * d16;
 175                             		.loc 1 86 38 view .LVU74
 176 0150 76 90 B0 11             		dadd	dr1, dr11, dr1
  86:../src/RXv3_Check_NO_FSQRT_DSQRT_etc.c ****     dB = d3 * d4 * d5 * d6 * d7 * d8 * d9 * d10 * d11 * d12 * d13 * d14 * d15 * d16;
 177                             		.loc 1 86 43 view .LVU75
 178 0154 76 90 A0 11             		dadd	dr1, dr10, dr1
 179                             		.loc 1 89 43 view .LVU76
 180 0158 76 90 25 2A             		ddiv	dr10, dr2, dr2
  86:../src/RXv3_Check_NO_FSQRT_DSQRT_etc.c ****     dB = d3 * d4 * d5 * d6 * d7 * d8 * d9 * d10 * d11 * d12 * d13 * d14 * d15 * d16;
 181                             		.loc 1 86 49 view .LVU77
 182 015c 76 90 90 11             		dadd	dr1, dr9, dr1
 183                             		.loc 1 89 49 view .LVU78
 184 0160 76 90 25 29             		ddiv	dr9, dr2, dr2
  86:../src/RXv3_Check_NO_FSQRT_DSQRT_etc.c ****     dB = d3 * d4 * d5 * d6 * d7 * d8 * d9 * d10 * d11 * d12 * d13 * d14 * d15 * d16;
 185                             		.loc 1 86 55 view .LVU79
 186 0164 76 90 80 11             		dadd	dr1, dr8, dr1
 187                             		.loc 1 89 55 view .LVU80
 188 0168 76 90 25 28             		ddiv	dr8, dr2, dr2
  86:../src/RXv3_Check_NO_FSQRT_DSQRT_etc.c ****     dB = d3 * d4 * d5 * d6 * d7 * d8 * d9 * d10 * d11 * d12 * d13 * d14 * d15 * d16;
 189                             		.loc 1 86 61 view .LVU81
 190 016c 76 90 70 11             		dadd	dr1, dr7, dr1
 191                             		.loc 1 89 61 view .LVU82
 192 0170 76 90 25 27             		ddiv	dr7, dr2, dr2
  86:../src/RXv3_Check_NO_FSQRT_DSQRT_etc.c ****     dB = d3 * d4 * d5 * d6 * d7 * d8 * d9 * d10 * d11 * d12 * d13 * d14 * d15 * d16;
 193                             		.loc 1 86 67 view .LVU83
 194 0174 76 90 60 11             		dadd	dr1, dr6, dr1
 195                             		.loc 1 89 67 view .LVU84
 196 0178 76 90 25 26             		ddiv	dr6, dr2, dr2
  86:../src/RXv3_Check_NO_FSQRT_DSQRT_etc.c ****     dB = d3 * d4 * d5 * d6 * d7 * d8 * d9 * d10 * d11 * d12 * d13 * d14 * d15 * d16;
 197                             		.loc 1 86 73 view .LVU85
 198 017c 76 90 50 11             		dadd	dr1, dr5, dr1
 199                             		.loc 1 89 73 view .LVU86
 200 0180 76 90 25 25             		ddiv	dr5, dr2, dr2
  86:../src/RXv3_Check_NO_FSQRT_DSQRT_etc.c ****     dB = d3 * d4 * d5 * d6 * d7 * d8 * d9 * d10 * d11 * d12 * d13 * d14 * d15 * d16;
 201                             		.loc 1 86 79 view .LVU87
 202 0184 76 90 30 11             		dadd	dr1, dr3, dr1
 203                             		.loc 1 89 79 view .LVU88
 204 0188 76 90 25 23             		ddiv	dr3, dr2, dr2
  86:../src/RXv3_Check_NO_FSQRT_DSQRT_etc.c ****     dB = d3 * d4 * d5 * d6 * d7 * d8 * d9 * d10 * d11 * d12 * d13 * d14 * d15 * d16;
 205                             		.loc 1 86 8 view .LVU89
 206 018c FB 52 00 00 00 00       		mov.L	#_dA, r5
 207                             	.LVL18:
  86:../src/RXv3_Check_NO_FSQRT_DSQRT_etc.c ****     dB = d3 * d4 * d5 * d6 * d7 * d8 * d9 * d10 * d11 * d12 * d13 * d14 * d15 * d16;
 208                             		.loc 1 86 8 view .LVU90
 209 0192 FC 78 58 10             		dmov.D	dr1, [r5]
  87:../src/RXv3_Check_NO_FSQRT_DSQRT_etc.c ****     dC = d3 - d4 - d5 - d6 - d7 - d8 - d9 - d10 - d11 - d12 - d13 - d14 - d15 - d16;
 210                             		.loc 1 87 5 is_stmt 1 view .LVU91
  87:../src/RXv3_Check_NO_FSQRT_DSQRT_etc.c ****     dC = d3 - d4 - d5 - d6 - d7 - d8 - d9 - d10 - d11 - d12 - d13 - d14 - d15 - d16;
 211                             		.loc 1 87 8 is_stmt 0 view .LVU92
 212 0196 FB 52 00 00 00 00       		mov.L	#_dB, r5
 213 019c FC 78 58 40             		dmov.D	dr4, [r5]
  88:../src/RXv3_Check_NO_FSQRT_DSQRT_etc.c ****     dD = d3 / d4 / d5 / d6 / d7 / d8 / d9 / d10 / d11 / d12 / d13 / d14 / d15 / d16;
 214                             		.loc 1 88 5 is_stmt 1 view .LVU93
  88:../src/RXv3_Check_NO_FSQRT_DSQRT_etc.c ****     dD = d3 / d4 / d5 / d6 / d7 / d8 / d9 / d10 / d11 / d12 / d13 / d14 / d15 / d16;
 215                             		.loc 1 88 8 is_stmt 0 view .LVU94
 216 01a0 FB 52 00 00 00 00       		mov.L	#_dC, r5
 217 01a6 FC 78 58 00             		dmov.D	dr0, [r5]
 218                             		.loc 1 89 5 is_stmt 1 view .LVU95
 219                             		.loc 1 89 8 is_stmt 0 view .LVU96
 220 01aa FB 52 00 00 00 00       		mov.L	#_dD, r5
 221 01b0 FC 78 58 20             		dmov.D	dr2, [r5]
  90:../src/RXv3_Check_NO_FSQRT_DSQRT_etc.c **** }
 222                             		.loc 1 90 1 view .LVU97
 223 01b4 75 A8 10                		dpopm.l	dcmr-dcmr
 224 01b7 75 B8 0F                		dpopm.d	dr0-dr15
 225                             	.LVL19:
 226                             		.loc 1 90 1 view .LVU98
 227 01ba 02                      		rts
 228                             	.LFE3:
 230                             		.section	.text.Check_Not_Using_DSQRT,"ax",@progbits
 232                             	_Check_Not_Using_DSQRT:
 233                             	.LVL20:
 234                             	.LFB0:
  23:../src/RXv3_Check_NO_FSQRT_DSQRT_etc.c ****     return sqrt(x);  // DSQRT is used in library.
 235                             		.loc 1 23 1 is_stmt 1 view -0
  23:../src/RXv3_Check_NO_FSQRT_DSQRT_etc.c ****     return sqrt(x);  // DSQRT is used in library.
 236                             		.loc 1 23 1 is_stmt 0 view .LVU100
 237 0000 6E AB                   		pushm	r10-r11
 238                             	.LCFI1:
 239 0002 75 B0 02                		dpushm.d	dr0-dr2
 240 0005 75 A0 10                		dpushm.l	dcmr-dcmr
 241                             	.LCFI2:
  24:../src/RXv3_Check_NO_FSQRT_DSQRT_etc.c **** }
 242                             		.loc 1 24 5 is_stmt 1 view .LVU101
  23:../src/RXv3_Check_NO_FSQRT_DSQRT_etc.c ****     return sqrt(x);  // DSQRT is used in library.
 243                             		.loc 1 23 1 is_stmt 0 view .LVU102
 244 0008 FD 77 81 00             		dmov.L	r1, drl0
 245 000c FD 77 82 02             		dmov.L	r2, drh0
 246 0010 F9 03 13 00 00 00 00    		dmov.D	#0, drh1
  24:../src/RXv3_Check_NO_FSQRT_DSQRT_etc.c **** }
 247                             		.loc 1 24 12 view .LVU103
 248 0017 76 90 0D 20             		dsqrt dr0, dr2
 249 001b FD 75 8A 20             		dmov.L	drl2, r10
 250 001f FD 75 8B 22             		dmov.L	drh2, r11
 251 0023 76 90 08 11             		dcmpun	dr1, dr0
 252 0027 75 90 1B                		mvfdr
 253 002a 21 0E                   		bnz	.L4
 254 002c 76 90 18 60             		dcmple	dr0, dr1
 255 0030 75 90 1B                		mvfdr
 256 0033 15                      		bz	.L4
 257 0034 05 00 00 00             		bsr	_sqrt
 258                             	.LVL21:
 259                             		.balign 8,3,3
 260                             	.L4:
  25:../src/RXv3_Check_NO_FSQRT_DSQRT_etc.c **** 
 261                             		.loc 1 25 1 view .LVU104
 262 0038 EF A1                   		mov.L	r10, r1
 263 003a EF B2                   		mov.L	r11, r2
 264 003c 75 A8 10                		dpopm.l	dcmr-dcmr
 265 003f 75 B8 02                		dpopm.d	dr0-dr2
 266 0042 6F AB                   		popm	r10-r11
 267 0044 02                      		rts
 268                             	.LFE0:
 270 0045 FC 13 00                		.section	.text.Check_Not_Using_FSQRT,"ax",@progbits
 272                             	_Check_Not_Using_FSQRT:
 273                             	.LVL22:
 274                             	.LFB1:
  29:../src/RXv3_Check_NO_FSQRT_DSQRT_etc.c ****     return sqrtf(x); // FSQRT is used in library.
 275                             		.loc 1 29 1 is_stmt 1 view -0
  30:../src/RXv3_Check_NO_FSQRT_DSQRT_etc.c **** }
 276                             		.loc 1 30 5 view .LVU106
  30:../src/RXv3_Check_NO_FSQRT_DSQRT_etc.c **** }
 277                             		.loc 1 30 12 is_stmt 0 view .LVU107
 278 0000 04 00 00 00             		bra	_sqrtf
 279                             	.LVL23:
  30:../src/RXv3_Check_NO_FSQRT_DSQRT_etc.c **** }
 280                             		.loc 1 30 12 view .LVU108
 281                             	.LFE1:
 283                             		.section	.text.Check_TFU_sinf,"ax",@progbits
 285                             	_Check_TFU_sinf:
 286                             	.LVL24:
 287                             	.LFB4:
  91:../src/RXv3_Check_NO_FSQRT_DSQRT_etc.c **** 
  92:../src/RXv3_Check_NO_FSQRT_DSQRT_etc.c **** void *m_debug_N_Check_DPUSHM_DPOPM = (void *)Check_DPUSHM_DPOPM;
  93:../src/RXv3_Check_NO_FSQRT_DSQRT_etc.c **** 
  94:../src/RXv3_Check_NO_FSQRT_DSQRT_etc.c **** static float Check_TFU_sinf(float x);
  95:../src/RXv3_Check_NO_FSQRT_DSQRT_etc.c **** static float Check_TFU_sinf(float x)
  96:../src/RXv3_Check_NO_FSQRT_DSQRT_etc.c **** {
 288                             		.loc 1 96 1 is_stmt 1 view -0
  97:../src/RXv3_Check_NO_FSQRT_DSQRT_etc.c ****     return sinf(x);
 289                             		.loc 1 97 5 view .LVU110
 290                             		.loc 1 97 12 is_stmt 0 view .LVU111
 291 0000 04 00 00 00             		bra	_sinf
 292                             	.LVL25:
 293                             		.loc 1 97 12 view .LVU112
 294                             	.LFE4:
 296                             		.section	.text.Check_TFU_cosf,"ax",@progbits
 298                             	_Check_TFU_cosf:
 299                             	.LVL26:
 300                             	.LFB5:
  98:../src/RXv3_Check_NO_FSQRT_DSQRT_etc.c **** }
  99:../src/RXv3_Check_NO_FSQRT_DSQRT_etc.c **** 
 100:../src/RXv3_Check_NO_FSQRT_DSQRT_etc.c **** static float Check_TFU_cosf(float x);
 101:../src/RXv3_Check_NO_FSQRT_DSQRT_etc.c **** static float Check_TFU_cosf(float x)
 102:../src/RXv3_Check_NO_FSQRT_DSQRT_etc.c **** {
 301                             		.loc 1 102 1 is_stmt 1 view -0
 103:../src/RXv3_Check_NO_FSQRT_DSQRT_etc.c ****     return cosf(x);
 302                             		.loc 1 103 5 view .LVU114
 303                             		.loc 1 103 12 is_stmt 0 view .LVU115
 304 0000 04 00 00 00             		bra	_cosf
 305                             	.LVL27:
 306                             		.loc 1 103 12 view .LVU116
 307                             	.LFE5:
 309                             		.section	.text.Check_TFU_atan2f,"ax",@progbits
 311                             	_Check_TFU_atan2f:
 312                             	.LVL28:
 313                             	.LFB6:
 104:../src/RXv3_Check_NO_FSQRT_DSQRT_etc.c **** }
 105:../src/RXv3_Check_NO_FSQRT_DSQRT_etc.c **** 
 106:../src/RXv3_Check_NO_FSQRT_DSQRT_etc.c **** static float Check_TFU_atan2f(float y, float x);
 107:../src/RXv3_Check_NO_FSQRT_DSQRT_etc.c **** static float Check_TFU_atan2f(float y, float x)
 108:../src/RXv3_Check_NO_FSQRT_DSQRT_etc.c **** {
 314                             		.loc 1 108 1 is_stmt 1 view -0
 109:../src/RXv3_Check_NO_FSQRT_DSQRT_etc.c ****     return atan2f(y, x);
 315                             		.loc 1 109 5 view .LVU118
 316                             		.loc 1 109 12 is_stmt 0 view .LVU119
 317 0000 04 00 00 00             		bra	_atan2f
 318                             	.LVL29:
 319                             		.loc 1 109 12 view .LVU120
 320                             	.LFE6:
 322                             		.section	.text.Check_TFU_hypotf,"ax",@progbits
 324                             	_Check_TFU_hypotf:
 325                             	.LVL30:
 326                             	.LFB7:
 110:../src/RXv3_Check_NO_FSQRT_DSQRT_etc.c **** }
 111:../src/RXv3_Check_NO_FSQRT_DSQRT_etc.c **** 
 112:../src/RXv3_Check_NO_FSQRT_DSQRT_etc.c **** static float Check_TFU_hypotf(float x, float y);
 113:../src/RXv3_Check_NO_FSQRT_DSQRT_etc.c **** static float Check_TFU_hypotf(float x, float y)
 114:../src/RXv3_Check_NO_FSQRT_DSQRT_etc.c **** {
 327                             		.loc 1 114 1 is_stmt 1 view -0
 115:../src/RXv3_Check_NO_FSQRT_DSQRT_etc.c ****     return hypotf(x, y);
 328                             		.loc 1 115 5 view .LVU122
 329                             		.loc 1 115 12 is_stmt 0 view .LVU123
 330 0000 04 00 00 00             		bra	_hypotf
 331                             	.LVL31:
 332                             		.loc 1 115 12 view .LVU124
 333                             	.LFE7:
 335                             		.section	.text.Check_TFU_asinf,"ax",@progbits
 337                             	_Check_TFU_asinf:
 338                             	.LVL32:
 339                             	.LFB8:
 116:../src/RXv3_Check_NO_FSQRT_DSQRT_etc.c **** }
 117:../src/RXv3_Check_NO_FSQRT_DSQRT_etc.c **** 
 118:../src/RXv3_Check_NO_FSQRT_DSQRT_etc.c **** static float Check_TFU_asinf(float x);
 119:../src/RXv3_Check_NO_FSQRT_DSQRT_etc.c **** static float Check_TFU_asinf(float x)
 120:../src/RXv3_Check_NO_FSQRT_DSQRT_etc.c **** {
 340                             		.loc 1 120 1 is_stmt 1 view -0
 121:../src/RXv3_Check_NO_FSQRT_DSQRT_etc.c ****     return asinf(x);
 341                             		.loc 1 121 5 view .LVU126
 342                             		.loc 1 121 12 is_stmt 0 view .LVU127
 343 0000 04 00 00 00             		bra	_asinf
 344                             	.LVL33:
 345                             		.loc 1 121 12 view .LVU128
 346                             	.LFE8:
 348                             		.section	.text.Check_TFU_acosf,"ax",@progbits
 350                             	_Check_TFU_acosf:
 351                             	.LVL34:
 352                             	.LFB9:
 122:../src/RXv3_Check_NO_FSQRT_DSQRT_etc.c **** }
 123:../src/RXv3_Check_NO_FSQRT_DSQRT_etc.c **** 
 124:../src/RXv3_Check_NO_FSQRT_DSQRT_etc.c **** static float Check_TFU_acosf(float x);
 125:../src/RXv3_Check_NO_FSQRT_DSQRT_etc.c **** static float Check_TFU_acosf(float x)
 126:../src/RXv3_Check_NO_FSQRT_DSQRT_etc.c **** {
 353                             		.loc 1 126 1 is_stmt 1 view -0
 127:../src/RXv3_Check_NO_FSQRT_DSQRT_etc.c ****     return acosf(x);
 354                             		.loc 1 127 5 view .LVU130
 355                             		.loc 1 127 12 is_stmt 0 view .LVU131
 356 0000 04 00 00 00             		bra	_acosf
 357                             	.LVL35:
 358                             		.loc 1 127 12 view .LVU132
 359                             	.LFE9:
 361                             		.section	.text.Check_TFU_atanf,"ax",@progbits
 363                             	_Check_TFU_atanf:
 364                             	.LVL36:
 365                             	.LFB10:
 128:../src/RXv3_Check_NO_FSQRT_DSQRT_etc.c **** }
 129:../src/RXv3_Check_NO_FSQRT_DSQRT_etc.c **** 
 130:../src/RXv3_Check_NO_FSQRT_DSQRT_etc.c **** static float Check_TFU_atanf(float x);
 131:../src/RXv3_Check_NO_FSQRT_DSQRT_etc.c **** static float Check_TFU_atanf(float x)
 132:../src/RXv3_Check_NO_FSQRT_DSQRT_etc.c **** {
 366                             		.loc 1 132 1 is_stmt 1 view -0
 133:../src/RXv3_Check_NO_FSQRT_DSQRT_etc.c ****     return atanf(x);
 367                             		.loc 1 133 5 view .LVU134
 368                             		.loc 1 133 12 is_stmt 0 view .LVU135
 369 0000 04 00 00 00             		bra	_atanf
 370                             	.LVL37:
 371                             		.loc 1 133 12 view .LVU136
 372                             	.LFE10:
 374                             		.section	.text.Check_TFU_tanf,"ax",@progbits
 376                             	_Check_TFU_tanf:
 377                             	.LVL38:
 378                             	.LFB11:
 134:../src/RXv3_Check_NO_FSQRT_DSQRT_etc.c **** }
 135:../src/RXv3_Check_NO_FSQRT_DSQRT_etc.c **** 
 136:../src/RXv3_Check_NO_FSQRT_DSQRT_etc.c **** static float Check_TFU_tanf(float x);
 137:../src/RXv3_Check_NO_FSQRT_DSQRT_etc.c **** static float Check_TFU_tanf(float x)
 138:../src/RXv3_Check_NO_FSQRT_DSQRT_etc.c **** {
 379                             		.loc 1 138 1 is_stmt 1 view -0
 139:../src/RXv3_Check_NO_FSQRT_DSQRT_etc.c ****     return tanf(x);
 380                             		.loc 1 139 5 view .LVU138
 381                             		.loc 1 139 12 is_stmt 0 view .LVU139
 382 0000 04 00 00 00             		bra	_tanf
 383                             	.LVL39:
 384                             		.loc 1 139 12 view .LVU140
 385                             	.LFE11:
 387                             		.section	.text.Check_Not_Using_DSQRT_FSQRT,"ax",@progbits
 388                             		.global	_Check_Not_Using_DSQRT_FSQRT
 390                             	_Check_Not_Using_DSQRT_FSQRT:
 391                             	.LFB2:
  60:../src/RXv3_Check_NO_FSQRT_DSQRT_etc.c ****     ((double (*)(double))m_debug_Check_Not_Using_DSQRT)(4.0);
 392                             		.loc 1 60 1 is_stmt 1 view -0
 393 0000 75 B0 00                		dpushm.d	dr0-dr0
 394 0003 75 A0 10                		dpushm.l	dcmr-dcmr
 395                             	.LCFI3:
  61:../src/RXv3_Check_NO_FSQRT_DSQRT_etc.c ****     ((float (*)(float))m_debug_Check_Not_Using_FSQRT)(4.0);
 396                             		.loc 1 61 5 view .LVU142
  61:../src/RXv3_Check_NO_FSQRT_DSQRT_etc.c ****     ((float (*)(float))m_debug_Check_Not_Using_FSQRT)(4.0);
 397                             		.loc 1 61 6 is_stmt 0 view .LVU143
 398 0006 F9 03 03 00 00 10 40    		dmov.D	#0x40100000, drh0
 399 000d FD 75 81 00             		dmov.L	drl0, r1
 400 0011 FD 75 82 02             		dmov.L	drh0, r2
 401 0015 FB 52 00 00 00 00       		mov.L	#_m_debug_Check_Not_Using_DSQRT, r5
 402 001b EC 55                   		mov.L	[r5], r5
 403 001d 7F 15                   		jsr	r5
 404                             	.LVL40:
  62:../src/RXv3_Check_NO_FSQRT_DSQRT_etc.c **** }
 405                             		.loc 1 62 5 is_stmt 1 view .LVU144
  62:../src/RXv3_Check_NO_FSQRT_DSQRT_etc.c **** }
 406                             		.loc 1 62 6 is_stmt 0 view .LVU145
 407 001f FB 52 00 00 00 00       		mov.L	#_m_debug_Check_Not_Using_FSQRT, r5
 408 0025 EC 55                   		mov.L	[r5], r5
 409 0027 FB 12 00 00 80 40       		mov.L	#0x40800000, r1
 410 002d 7F 15                   		jsr	r5
 411                             	.LVL41:
  63:../src/RXv3_Check_NO_FSQRT_DSQRT_etc.c **** 
 412                             		.loc 1 63 1 view .LVU146
 413 002f 75 A8 10                		dpopm.l	dcmr-dcmr
 414 0032 75 B8 00                		dpopm.d	dr0-dr0
 415 0035 02                      		rts
 416                             	.LFE2:
 418                             		.global	_m_debug_N_Check_TFU_tanf
 419                             		.section	.data.m_debug_N_Check_TFU_tanf,"aw"
 420                             		.balign 4
 423                             	_m_debug_N_Check_TFU_tanf:
 424 0000 00 00 00 00             		.long	_Check_TFU_tanf
 425                             		.global	_m_debug_N_Check_TFU_atanf
 426                             		.section	.data.m_debug_N_Check_TFU_atanf,"aw"
 427                             		.balign 4
 430                             	_m_debug_N_Check_TFU_atanf:
 431 0000 00 00 00 00             		.long	_Check_TFU_atanf
 432                             		.global	_m_debug_N_Check_TFU_acosf
 433                             		.section	.data.m_debug_N_Check_TFU_acosf,"aw"
 434                             		.balign 4
 437                             	_m_debug_N_Check_TFU_acosf:
 438 0000 00 00 00 00             		.long	_Check_TFU_acosf
 439                             		.global	_m_debug_N_Check_TFU_asinf
 440                             		.section	.data.m_debug_N_Check_TFU_asinf,"aw"
 441                             		.balign 4
 444                             	_m_debug_N_Check_TFU_asinf:
 445 0000 00 00 00 00             		.long	_Check_TFU_asinf
 446                             		.global	_m_debug_N_Check_TFU_hypotf
 447                             		.section	.data.m_debug_N_Check_TFU_hypotf,"aw"
 448                             		.balign 4
 451                             	_m_debug_N_Check_TFU_hypotf:
 452 0000 00 00 00 00             		.long	_Check_TFU_hypotf
 453                             		.global	_m_debug_N_Check_TFU_atan2f
 454                             		.section	.data.m_debug_N_Check_TFU_atan2f,"aw"
 455                             		.balign 4
 458                             	_m_debug_N_Check_TFU_atan2f:
 459 0000 00 00 00 00             		.long	_Check_TFU_atan2f
 460                             		.global	_m_debug_N_Check_TFU_cosf
 461                             		.section	.data.m_debug_N_Check_TFU_cosf,"aw"
 462                             		.balign 4
 465                             	_m_debug_N_Check_TFU_cosf:
 466 0000 00 00 00 00             		.long	_Check_TFU_cosf
 467                             		.global	_m_debug_N_Check_TFU_sinf
 468                             		.section	.data.m_debug_N_Check_TFU_sinf,"aw"
 469                             		.balign 4
 472                             	_m_debug_N_Check_TFU_sinf:
 473 0000 00 00 00 00             		.long	_Check_TFU_sinf
 474                             		.global	_m_debug_N_Check_DPUSHM_DPOPM
 475                             		.section	.data.m_debug_N_Check_DPUSHM_DPOPM,"aw"
 476                             		.balign 4
 479                             	_m_debug_N_Check_DPUSHM_DPOPM:
 480 0000 00 00 00 00             		.long	_Check_DPUSHM_DPOPM
 481                             		.global	_m_debug_Check_Not_Using_FSQRT
 482                             		.section	.data.m_debug_Check_Not_Using_FSQRT,"aw"
 483                             		.balign 4
 486                             	_m_debug_Check_Not_Using_FSQRT:
 487 0000 00 00 00 00             		.long	_Check_Not_Using_FSQRT
 488                             		.global	_m_debug_Check_Not_Using_DSQRT
 489                             		.section	.data.m_debug_Check_Not_Using_DSQRT,"aw"
 490                             		.balign 4
 493                             	_m_debug_Check_Not_Using_DSQRT:
 494 0000 00 00 00 00             		.long	_Check_Not_Using_DSQRT
 629                             	.Letext0:
 630                             		.file 2 "c:\\renesas\\gccllvm\\gnurx-elf\\8.3.0.202204\\rx-elf\\rx-elf\\lib\\gcc\\rx-elf\\8.3.0.20
 631                             		.file 3 "c:\\renesas\\gccllvm\\gnurx-elf\\8.3.0.202204\\rx-elf\\rx-elf\\rx-elf\\include\\sys\\_typ
 632                             		.file 4 "c:\\renesas\\gccllvm\\gnurx-elf\\8.3.0.202204\\rx-elf\\rx-elf\\rx-elf\\include\\sys\\reen
 633                             		.file 5 "c:\\renesas\\gccllvm\\gnurx-elf\\8.3.0.202204\\rx-elf\\rx-elf\\rx-elf\\include\\sys\\lock
 634                             		.file 6 "c:\\renesas\\gccllvm\\gnurx-elf\\8.3.0.202204\\rx-elf\\rx-elf\\rx-elf\\include\\math.h"
