* RX FAMILY ASSEMBLER V3.04.00.01 [10 Sep 2021] *  SOURCE LIST  Fri Dec 23 10:15:13 2022

LOC.     OBJ.              0XMDA SOURCE STATEMENT

                                 ;RX Family C/C++ Compiler (V3.04.00 [24 Nov 2021])  23-Dec-2022 10:15:11
                                 
                                 ;*** CPU TYPE ***
                                 
                                 ;-ISA=RXV3
                                 
                                 ;*** COMMAND PARAMETER ***
                                 
                                 ;-isa=rxv3
                                 ;-fpu
                                 ;-dpfpu
                                 ;-save_acc
                                 ;-MAKEUD=C:\Renesas\GitHubDesktop\workspaces\workspace_e2v202210\RXv3_RegBankSave\RXv3_RegBankSave_CCRX\HardwareDebug\src
                                 ;-include=C:\Renesas\CS+\CC\CC-RX\V3.04.00\/include
                                 ;-include=C:\Renesas\GitHubDesktop\workspaces\workspace_e2v202210\RXv3_RegBankSave\RXv3_RegBankSave_CCRX\src\smc_gen\r_config
                                 ;-include=C:\Renesas\GitHubDesktop\workspaces\workspace_e2v202210\RXv3_RegBankSave\RXv3_RegBankSave_CCRX\src\smc_gen\r_pincfg
                                 ;-include=C:\Renesas\GitHubDesktop\workspaces\workspace_e2v202210\RXv3_RegBankSave\RXv3_RegBankSave_CCRX\src\smc_gen\general
                                 ;-include=C:\Renesas\GitHubDesktop\workspaces\workspace_e2v202210\RXv3_RegBankSave\RXv3_RegBankSave_CCRX\src\smc_gen\r_bsp
                                 ;-include=C:\Renesas\GitHubDesktop\workspaces\workspace_e2v202210\RXv3_RegBankSave\RXv3_RegBankSave_CCRX\src\smc_gen\Config_RIIC0
                                 ;-include=C:\Renesas\GitHubDesktop\workspaces\workspace_e2v202210\RXv3_RegBankSave\RXv3_RegBankSave_CCRX\src\smc_gen\Config_SCI0
                                 ;-include=C:\Renesas\GitHubDesktop\workspaces\workspace_e2v202210\RXv3_RegBankSave\RXv3_RegBankSave_CCRX\src\smc_gen\r_riic_rx
                                 ;-include=C:\Renesas\GitHubDesktop\workspaces\workspace_e2v202210\RXv3_RegBankSave\RXv3_RegBankSave_CCRX\src\smc_gen\r_riic_rx\src
                                 ;-include=C:\Renesas\GitHubDesktop\workspaces\workspace_e2v202210\RXv3_RegBankSave\RXv3_RegBankSave_CCRX\src\smc_gen\r_sci_iic_rx
                                 ;-include=C:\Renesas\GitHubDesktop\workspaces\workspace_e2v202210\RXv3_RegBankSave\RXv3_RegBankSave_CCRX\src\smc_gen\r_sci_iic_rx\src
                                 ;-include=C:\Renesas\GitHubDesktop\workspaces\workspace_e2v202210\RXv3_RegBankSave\RXv3_RegBankSave_CCRX\src\smc_gen\Config_MTU3_MTU4
                                 ;-asmopt=-bank
                                 ;-lang=c99
                                 ;-utf8
                                 ;-message
                                 ;-output=obj
                                 ;-obj_path=src
                                 ;-debug
                                 ;-outcode=utf8
                                 ;-show=source
                                 ;-optimize=max
                                 ;-goptimize
                                 ;-speed
                                 ;-type_size_access_to_volatile
                                 ;-nologo
                                 ;-listfile=src/RXv3_RegBankSave_CCRX_ex4.lst
                                 ;../src/RXv3_RegBankSave_CCRX_ex4.c
                                 
                                 		.glb	__Ctype
                                 		.glb	_i_debug_ex4_1
                                 		.glb	_i_debug_ex4_2
                                 		.glb	_cnt
                                 		.glb	_i_debug_ex4_3
                                 		.glb	_i_debug_ex4_4
                                 		.glb	_sort
                                 		.glb	_change
                                 		.glb	_printf
                                 		.glb	_scanf
                                 		.glb	_atoi
                                 		.glb	_i_fnc_4_2
                                 ;LineNo. C-SOURCE STATEMENT
                                 
                                 		.SECTION	P,CODE
00000000                         __$i_hdr_4_1:
                                 		.STACK	__$i_hdr_4_1=188
                                 ;       1 #include <stdio.h>
                                 ;       2 //#include <math.h>
                                 ;       3 #include <stdlib.h>
                                 ;       4 #include <ctype.h>
                                 ;       5 
                                 ;       6 /* Special character code */
                                 ;       7 #define LF 0x0a                     /* Line feed       */
                                 ;       8 
                                 ;       9 /* Flag */
                                 ;      10 #define FALSE 0x00
                                 ;      11 #define TRUE  0x01
                                 ;      12 
                                 ;      13 //void main(void);
                                 ;      14 void sort(long *a);
                                 ;      15 void change(long *a);
                                 ;      16 
                                 ;      17 static void i_hdr_4_1(void);
                                 ;      18 
                                 ;      19 #pragma interrupt i_hdr_4_1(enable)
                                 ;      20 static void i_hdr_4_1(void)
                                 		.LINE  "C:\Renesas\GitHubDesktop\workspaces\workspace_e2v202210\RXv3_RegBankSave\RXv3_RegBankSave_CCRX\src\RXv3_RegBankSave_CCRX_ex4.c",20
00000000 7FA8                    		SETPSW I
00000002 6E4F                    		PUSHM R4-R15
00000004 7EA3                    		PUSH.L R3
00000006 FD1FB3                  		MVFACGU #00H, A1, R3
00000009 7EA2                    		PUSH.L R2
0000000B FD1F82                  		MVFACHI #00H, A1, R2
0000000E 7EA1                    		PUSH.L R1
00000010 FD1F91                  		MVFACLO #00H, A1, R1
00000013 7EA3                    		PUSH.L R3
00000015 FD1F33                  		MVFACGU #00H, A0, R3
00000018 7EA2                    		PUSH.L R2
0000001A FD1F02                  		MVFACHI #00H, A0, R2
0000001D 7EA1                    		PUSH.L R1
0000001F FD1F11                  		MVFACLO #00H, A0, R1
00000022 6E13                    		PUSHM R1-R3
                                 ;      21 {
                                 ;      22     long data[10];
                                 ;      23     int i;
                                 ;      24     char tmp[2];
                                 ;      25     int ret;
                                 ;      26     char isnuminput;
                                 ;      27 
                                 ;      28 //    while(1){
                                 ;      29 
                                 ;      30         printf("### Data Input ###\n");
                                 		.LINE  "C:\Renesas\GitHubDesktop\workspaces\workspace_e2v202210\RXv3_RegBankSave\RXv3_RegBankSave_CCRX\src\RXv3_RegBankSave_CCRX_ex4.c",30
00000024 FB12rrrrrrrr            		MOV.L #_L10, R1
0000002A 7100A8                  		ADD #0FFFFFFA8H, R0
0000002D E301                    		MOV.L R1, [R0]
0000002F 05rrrrrr             A  		BSR _printf
00000033 6240                    		ADD #04H, R0
                                 ;      31 
                                 ;      32         for( i=0; i<10; i++ ){
                                 ;      33             printf("data[%d]=",i);
                                 		.LINE  "C:\Renesas\GitHubDesktop\workspaces\workspace_e2v202210\RXv3_RegBankSave\RXv3_RegBankSave_CCRX\src\RXv3_RegBankSave_CCRX_ex4.c",33
00000035 FBD2rrrrrrrr            		MOV.L #_L11, R13
0000003B 6608                    		MOV.L #00000000H, R8
                                 ;      34             data[i]= 0;
                                 ;      35             isnuminput = FALSE;
                                 ;      36             while(1){
                                 ;      37                 ret = scanf("%c",&tmp);
                                 		.LINE  "C:\Renesas\GitHubDesktop\workspaces\workspace_e2v202210\RXv3_RegBankSave\RXv3_RegBankSave_CCRX\src\RXv3_RegBankSave_CCRX_ex4.c",37
0000003D FBC2rrrrrrrr            		MOV.L #_L12, R12
00000043 710904                  		ADD #04H, R0, R9
                                 ;      38                 if(ret != EOF){
                                 ;      39                     if( tmp[0] != LF ){
                                 ;      40                         if( isdigit(tmp[0])!=0 ){
                                 		.LINE  "C:\Renesas\GitHubDesktop\workspaces\workspace_e2v202210\RXv3_RegBankSave\RXv3_RegBankSave_CCRX\src\RXv3_RegBankSave_CCRX_ex4.c",40
00000046 FBB2rrrrrrrr            		MOV.L #__Ctype, R11
                                 ;      41                             data[i] = data[i]*10 + atoi(tmp);
                                 ;      42                             isnuminput = TRUE;
                                 ;      43                         }else{
                                 ;      44                             printf("\n+++You can input only the decimal number.+++\n");
                                 		.LINE  "C:\Renesas\GitHubDesktop\workspaces\workspace_e2v202210\RXv3_RegBankSave\RXv3_RegBankSave_CCRX\src\RXv3_RegBankSave_CCRX_ex4.c",44
0000004C FBA2rrrrrrrr            		MOV.L #_L13, R10
00000052                         L17:	; bb
00000052 6080                    		SUB #08H, R0
                                 		.LINE  "C:\Renesas\GitHubDesktop\workspaces\workspace_e2v202210\RXv3_RegBankSave\RXv3_RegBankSave_CCRX\src\RXv3_RegBankSave_CCRX_ex4.c",33
00000054 E30D                    		MOV.L R13, [R0]
00000056 E70801                  		MOV.L R8, 04H[R0]
00000059 05rrrrrr             A  		BSR _printf
0000005D 6280                    		ADD #08H, R0
                                 		.LINE  "C:\Renesas\GitHubDesktop\workspaces\workspace_e2v202210\RXv3_RegBankSave\RXv3_RegBankSave_CCRX\src\RXv3_RegBankSave_CCRX_ex4.c",34
0000005F F89600                  		MOV.L #00000000H, [R9]
00000062                         L18:	; bb
00000062 6607                    		MOV.L #00000000H, R7
00000064 EF76                    		MOV.L R7, R6
00000066                         L19:	; bb80
00000066 6080                    		SUB #08H, R0
00000068 710108                  		ADD #08H, R0, R1
                                 		.LINE  "C:\Renesas\GitHubDesktop\workspaces\workspace_e2v202210\RXv3_RegBankSave\RXv3_RegBankSave_CCRX\src\RXv3_RegBankSave_CCRX_ex4.c",37
0000006B E30C                    		MOV.L R12, [R0]
0000006D A009                    		MOV.L R1, 04H[R0]
0000006F 05rrrrrr             A  		BSR _scanf
00000073 6280                    		ADD #08H, R0
                                 		.LINE  "C:\Renesas\GitHubDesktop\workspaces\workspace_e2v202210\RXv3_RegBankSave\RXv3_RegBankSave_CCRX\src\RXv3_RegBankSave_CCRX_ex4.c",38
00000075 7501FF                  		CMP #0FFFFFFFFH, R1
00000078 3Arrrr               W  		BEQ L42
0000007B                         L20:	; if_then_bb
                                 		.LINE  "C:\Renesas\GitHubDesktop\workspaces\workspace_e2v202210\RXv3_RegBankSave\RXv3_RegBankSave_CCRX\src\RXv3_RegBankSave_CCRX_ex4.c",39
0000007B 5802                    		MOVU.B [R0], R2
0000007D 61A2                    		CMP #0AH, R2
0000007F 3Brrrr               W  		BNE L41
00000082                         L21:	; if_else_bb55
                                 ;      45                             data[i] = 0;
                                 ;      46                             isnuminput = FALSE;
                                 ;      47                             printf("data[%d]=",i);
                                 ;      48                         }
                                 ;      49                     }else{
                                 ;      50                         if(isnuminput != FALSE){
                                 		.LINE  "C:\Renesas\GitHubDesktop\workspaces\workspace_e2v202210\RXv3_RegBankSave\RXv3_RegBankSave_CCRX\src\RXv3_RegBankSave_CCRX_ex4.c",50
00000082 FD78C6FF00              		TST #0FFH, R6
00000087 3Arrrr               W  		BEQ L42
0000008A                         L22:	; bb82
                                 		.LINE  "C:\Renesas\GitHubDesktop\workspaces\workspace_e2v202210\RXv3_RegBankSave\RXv3_RegBankSave_CCRX\src\RXv3_RegBankSave_CCRX_ex4.c",32
0000008A 6218                    		ADD #01H, R8
0000008C 6249                    		ADD #04H, R9
0000008E 61A8                    		CMP #0AH, R8
00000090 21rr                    		BNE L17
00000092                         L23:	; bb82.bb69.i_crit_edge
00000092 6605                    		MOV.L #00000000H, R5
00000094 665F                    		MOV.L #00000005H, R15
00000096                         L24:	; bb69.i
                                 		.LINE  "C:\Renesas\GitHubDesktop\workspaces\workspace_e2v202210\RXv3_RegBankSave\RXv3_RegBankSave_CCRX\src\RXv3_RegBankSave_CCRX_ex4.c",88
00000096 47F5                    		CMP R15, R5
00000098 28rr                    		BGE L33
0000009A                         L25:	; bb61.i.preheader
0000009A FF2EF5                  		ADD R15, R5, R14
                                 		.LINE  "C:\Renesas\GitHubDesktop\workspaces\workspace_e2v202210\RXv3_RegBankSave\RXv3_RegBankSave_CCRX\src\RXv3_RegBankSave_CCRX_ex4.c",89
0000009D 619E                    		CMP #09H, R14
0000009F 2Arr                    		BGT L32
000000A1                         L26:	; bb.nph53
000000A1 FDC2FA                  		SHLL #02H, R15, R10
000000A4 710404                  		ADD #04H, R0, R4
000000A7 EF53                    		MOV.L R5, R3
000000A9                         L27:	; bb50.i.preheader
                                 		.LINE  "C:\Renesas\GitHubDesktop\workspaces\workspace_e2v202210\RXv3_RegBankSave\RXv3_RegBankSave_CCRX\src\RXv3_RegBankSave_CCRX_ex4.c",90
000000A9 4753                    		CMP R5, R3
000000AB 29rr                    		BLT L31
000000AD                         L28:	; bb.nph
000000AD FDC2E9                  		SHLL #02H, R14, R9
000000B0 EF32                    		MOV.L R3, R2
000000B2 EF41                    		MOV.L R4, R1
000000B4                         L29:	; bb14.i
                                 		.LINE  "C:\Renesas\GitHubDesktop\workspaces\workspace_e2v202210\RXv3_RegBankSave\RXv3_RegBankSave_CCRX\src\RXv3_RegBankSave_CCRX_ex4.c",91
000000B4 FE6518                  		MOV.L [R5,R1], R8
000000B7 FF2719                  		ADD R1, R9, R7
000000BA EC76                    		MOV.L [R7], R6
000000BC 4768                    		CMP R6, R8
000000BE 2Brr                    		BLE L31
000000C0                         L30:	; if_then_bb.i
                                 		.LINE  "C:\Renesas\GitHubDesktop\workspaces\workspace_e2v202210\RXv3_RegBankSave\RXv3_RegBankSave_CCRX\src\RXv3_RegBankSave_CCRX_ex4.c",93
000000C0 FE2516                  		MOV.L R6, [R5,R1]
                                 		.LINE  "C:\Renesas\GitHubDesktop\workspaces\workspace_e2v202210\RXv3_RegBankSave\RXv3_RegBankSave_CCRX\src\RXv3_RegBankSave_CCRX_ex4.c",90
000000C3 43F2                    		SUB R15, R2
000000C5 43A1                    		SUB R10, R1
000000C7 4752                    		CMP R5, R2
                                 		.LINE  "C:\Renesas\GitHubDesktop\workspaces\workspace_e2v202210\RXv3_RegBankSave\RXv3_RegBankSave_CCRX\src\RXv3_RegBankSave_CCRX_ex4.c",94
000000C9 E378                    		MOV.L R8, [R7]
000000CB 28rr                    		BGE L29
000000CD                         L31:	; bb61.i
                                 		.LINE  "C:\Renesas\GitHubDesktop\workspaces\workspace_e2v202210\RXv3_RegBankSave\RXv3_RegBankSave_CCRX\src\RXv3_RegBankSave_CCRX_ex4.c",89
000000CD 4BF3                    		ADD R15, R3
000000CF FF213F                  		ADD R3, R15, R1
000000D2 4BA4                    		ADD R10, R4
000000D4 6191                    		CMP #09H, R1
000000D6 2Brr                    		BLE L27
000000D8                         L32:	; bb66.i
000000D8 6215                    		ADD #01H, R5
000000DA 2Err                 B  		BRA L24
000000DC                         L33:	; bb75.i
                                 		.LINE  "C:\Renesas\GitHubDesktop\workspaces\workspace_e2v202210\RXv3_RegBankSave\RXv3_RegBankSave_CCRX\src\RXv3_RegBankSave_CCRX_ex4.c",101
000000DC FD9FF1                  		SHLR #1FH, R15, R1
000000DF 4B1F                    		ADD R1, R15
000000E1 6A1F                    		SHAR #01H, R15
                                 		.LINE  "C:\Renesas\GitHubDesktop\workspaces\workspace_e2v202210\RXv3_RegBankSave\RXv3_RegBankSave_CCRX\src\RXv3_RegBankSave_CCRX_ex4.c",87
000000E3 610F                    		CMP #00H, R15
000000E5 6605                    		MOV.L #00000000H, R5
000000E7 2Arr                    		BGT L24
000000E9                         L34:	; sort.exit
000000E9 6040                    		SUB #04H, R0
                                 ;      51                             break;
                                 ;      52                         }else{
                                 ;      53                             printf("\n+++You can input only the decimal number.+++\n");
                                 ;      54                             data[i] = 0;
                                 ;      55                             isnuminput = FALSE;
                                 ;      56                             printf("data[%d]=",i);
                                 ;      57                         }
                                 ;      58                     }
                                 ;      59                 }else{
                                 ;      60                     printf("\n+++You can input only the decimal number.+++\n");
                                 ;      61                     data[i] = 0;
                                 ;      62                     isnuminput = FALSE;
                                 ;      63                     printf("data[%d]=",i);
                                 ;      64                 }
                                 ;      65             }
                                 ;      66         }
                                 ;      67 
                                 ;      68         sort(data);
                                 ;      69 
                                 ;      70         printf("*** Sorting results ***\n");
                                 		.LINE  "C:\Renesas\GitHubDesktop\workspaces\workspace_e2v202210\RXv3_RegBankSave\RXv3_RegBankSave_CCRX\src\RXv3_RegBankSave_CCRX_ex4.c",70
000000EB FB12rrrrrrrr            		MOV.L #_L14, R1
000000F1 E301                    		MOV.L R1, [R0]
000000F3 05rrrrrr             A  		BSR _printf
000000F7 6240                    		ADD #04H, R0
                                 ;      71 
                                 ;      72         for( i=0; i<10; i++ ){
                                 ;      73             printf("data[%d]=%ld\n",i,data[i]);
                                 		.LINE  "C:\Renesas\GitHubDesktop\workspaces\workspace_e2v202210\RXv3_RegBankSave\RXv3_RegBankSave_CCRX\src\RXv3_RegBankSave_CCRX_ex4.c",73
000000F9 FB82rrrrrrrr            		MOV.L #_L15, R8
000000FF 6606                    		MOV.L #00000000H, R6
00000101 710704                  		ADD #04H, R0, R7
00000104                         L35:	; bb93
00000104 FD2A71                  		MOV.L [R7+], R1
00000107 60C0                    		SUB #0CH, R0
00000109 E308                    		MOV.L R8, [R0]
0000010B A081                    		MOV.L R1, 08H[R0]
0000010D A00E                    		MOV.L R6, 04H[R0]
0000010F 05rrrrrr             A  		BSR _printf
                                 		.LINE  "C:\Renesas\GitHubDesktop\workspaces\workspace_e2v202210\RXv3_RegBankSave\RXv3_RegBankSave_CCRX\src\RXv3_RegBankSave_CCRX_ex4.c",72
00000113 6216                    		ADD #01H, R6
00000115 62C0                    		ADD #0CH, R0
00000117 61A6                    		CMP #0AH, R6
00000119 21rr                    		BNE L35
0000011B                         L36:	; bb93.bb.i.split.clone_crit_edge
0000011B 6623                    		MOV.L #00000002H, R3
0000011D 71012C                  		ADD #2CH, R0, R1
00000120 710204                  		ADD #04H, R0, R2
00000123                         L37:	; bb.i.split.clone
                                 		.LINE  "C:\Renesas\GitHubDesktop\workspaces\workspace_e2v202210\RXv3_RegBankSave\RXv3_RegBankSave_CCRX\src\RXv3_RegBankSave_CCRX_ex4.c",111
00000123 FD2A25                  		MOV.L [R2+], R5
00000126 FD2A24                  		MOV.L [R2+], R4
00000129 E315                    		MOV.L R5, [R1]
0000012B A01C                    		MOV.L R4, 04H[R1]
0000012D FD2A25                  		MOV.L [R2+], R5
00000130 FD2A24                  		MOV.L [R2+], R4
00000133 A095                    		MOV.L R5, 08H[R1]
00000135 A09C                    		MOV.L R4, 0CH[R1]
00000137 FD2A24                  		MOV.L [R2+], R4
0000013A A114                    		MOV.L R4, 10H[R1]
                                 		.LINE  "C:\Renesas\GitHubDesktop\workspaces\workspace_e2v202210\RXv3_RegBankSave\RXv3_RegBankSave_CCRX\src\RXv3_RegBankSave_CCRX_ex4.c",110
0000013C 711114                  		ADD #14H, R1
0000013F 6013                    		SUB #01H, R3
00000141 21rr                    		BNE L37
00000143                         L38:	; bb18.i.split.clone.loopexit
00000143 6623                    		MOV.L #00000002H, R3
00000145 710240                  		ADD #40H, R0, R2
00000148 710104                  		ADD #04H, R0, R1
0000014B                         L39:	; bb18.i.split.clone
                                 		.LINE  "C:\Renesas\GitHubDesktop\workspaces\workspace_e2v202210\RXv3_RegBankSave\RXv3_RegBankSave_CCRX\src\RXv3_RegBankSave_CCRX_ex4.c",114
0000014B A8AC                    		MOV.L 0CH[R2], R4
0000014D A925                    		MOV.L 10H[R2], R5
0000014F A01C                    		MOV.L R4, 04H[R1]
00000151 A82C                    		MOV.L 04H[R2], R4
00000153 E315                    		MOV.L R5, [R1]
00000155 A09C                    		MOV.L R4, 0CH[R1]
00000157 A8A5                    		MOV.L 08H[R2], R5
00000159 EC24                    		MOV.L [R2], R4
                                 		.LINE  "C:\Renesas\GitHubDesktop\workspaces\workspace_e2v202210\RXv3_RegBankSave\RXv3_RegBankSave_CCRX\src\RXv3_RegBankSave_CCRX_ex4.c",113
0000015B 7122EC                  		ADD #0FFFFFFECH, R2
                                 		.LINE  "C:\Renesas\GitHubDesktop\workspaces\workspace_e2v202210\RXv3_RegBankSave\RXv3_RegBankSave_CCRX\src\RXv3_RegBankSave_CCRX_ex4.c",114
0000015E A095                    		MOV.L R5, 08H[R1]
00000160 A114                    		MOV.L R4, 10H[R1]
                                 		.LINE  "C:\Renesas\GitHubDesktop\workspaces\workspace_e2v202210\RXv3_RegBankSave\RXv3_RegBankSave_CCRX\src\RXv3_RegBankSave_CCRX_ex4.c",113
00000162 711114                  		ADD #14H, R1
00000165 6013                    		SUB #01H, R3
00000167 21rr                    		BNE L39
00000169                         L40:	; change.exit
                                 		.LINE  "C:\Renesas\GitHubDesktop\workspaces\workspace_e2v202210\RXv3_RegBankSave\RXv3_RegBankSave_CCRX\src\RXv3_RegBankSave_CCRX_ex4.c",116
00000169 710054                  		ADD #54H, R0
0000016C 7EB1                    		POP R1
0000016E 7EB2                    		POP R2
00000170 7EB3                    		POP R3
00000172 FD1711                  		MVTACLO R1, A0
00000175 FD1702                  		MVTACHI R2, A0
00000178 7EB1                    		POP R1
0000017A FD1733                  		MVTACGU R3, A0
0000017D 7EB2                    		POP R2
0000017F 7EB3                    		POP R3
00000181 FD1791                  		MVTACLO R1, A1
00000184 FD1782                  		MVTACHI R2, A1
00000187 FD17B3                  		MVTACGU R3, A1
0000018A 6F1F                    		POPM R1-R15
0000018C 7F95                    		RTE
0000018E                         L41:	; if_then_bb24
                                 		.LINE  "C:\Renesas\GitHubDesktop\workspaces\workspace_e2v202210\RXv3_RegBankSave\RXv3_RegBankSave_CCRX\src\RXv3_RegBankSave_CCRX_ex4.c",40
0000018E ECB1                    		MOV.L [R11], R1
00000190 FED211                  		MOVU.W [R2,R1], R1
00000193 7C51                    		BTST #05H, R1
00000195 21rr                    		BNE L43
00000197                         L42:	; if_else_bb
00000197 6040                    		SUB #04H, R0
00000199 E30A                    		MOV.L R10, [R0]
0000019B 05rrrrrr             A  		BSR _printf
0000019F 6040                    		SUB #04H, R0
000001A1 F89600                  		MOV.L #00000000H, [R9]
000001A4 E30D                    		MOV.L R13, [R0]
000001A6 E70801                  		MOV.L R8, 04H[R0]
000001A9 05rrrrrr             A  		BSR _printf
000001AD 6280                    		ADD #08H, R0
000001AF 38rrrr               W  		BRA L18
000001B2                         L43:	; if_then_bb37
000001B2 EF01                    		MOV.L R0, R1
                                 		.LINE  "C:\Renesas\GitHubDesktop\workspaces\workspace_e2v202210\RXv3_RegBankSave\RXv3_RegBankSave_CCRX\src\RXv3_RegBankSave_CCRX_ex4.c",41
000001B4 05rrrrrr             A  		BSR _atoi
000001B8 63A7                    		MUL #0AH, R7
000001BA 6616                    		MOV.L #00000001H, R6
000001BC 4B17                    		ADD R1, R7
000001BE E397                    		MOV.L R7, [R9]
000001C0 38rrrr               W  		BRA L19
000001C3                         _sort:
                                 		.STACK	_sort=28
                                 ;      74         }
                                 ;      75 
                                 ;      76         change(data);
                                 ;      77 
                                 ;      78 //    }
                                 ;      79 }
                                 ;      80 
                                 ;      81 void sort(long *data)
                                 		.LINE  "C:\Renesas\GitHubDesktop\workspaces\workspace_e2v202210\RXv3_RegBankSave\RXv3_RegBankSave_CCRX\src\RXv3_RegBankSave_CCRX_ex4.c",81
000001C3 6E6B                    		PUSHM R6-R11
000001C5 6602                    		MOV.L #00000000H, R2
000001C7 665E                    		MOV.L #00000005H, R14
000001C9 EF1B                    		MOV.L R1, R11
000001CB                         L45:	; bb69
                                 ;      82 {
                                 ;      83     long t;
                                 ;      84     int i, j, k, gap;
                                 ;      85 
                                 ;      86     gap = 5;
                                 ;      87     while( gap > 0 ){
                                 ;      88         for( k=0; k<gap; k++){
                                 		.LINE  "C:\Renesas\GitHubDesktop\workspaces\workspace_e2v202210\RXv3_RegBankSave\RXv3_RegBankSave_CCRX\src\RXv3_RegBankSave_CCRX_ex4.c",88
000001CB 47E2                    		CMP R14, R2
000001CD 28rr                    		BGE L54
000001CF                         L46:	; bb61.preheader
000001CF FF21E2                  		ADD R14, R2, R1
                                 ;      89             for( i=k+gap; i<10; i=i+gap ){
                                 		.LINE  "C:\Renesas\GitHubDesktop\workspaces\workspace_e2v202210\RXv3_RegBankSave\RXv3_RegBankSave_CCRX\src\RXv3_RegBankSave_CCRX_ex4.c",89
000001D2 6191                    		CMP #09H, R1
000001D4 2Arr                    		BGT L53
000001D6                         L47:	; bb.nph15
000001D6 FDC2EA                  		SHLL #02H, R14, R10
000001D9 EFB3                    		MOV.L R11, R3
000001DB EF24                    		MOV.L R2, R4
000001DD                         L48:	; bb50.preheader
                                 ;      90                 for(j=i-gap; j>=k; j=j-gap){
                                 		.LINE  "C:\Renesas\GitHubDesktop\workspaces\workspace_e2v202210\RXv3_RegBankSave\RXv3_RegBankSave_CCRX\src\RXv3_RegBankSave_CCRX_ex4.c",90
000001DD 4724                    		CMP R2, R4
000001DF 29rr                    		BLT L52
000001E1                         L49:	; bb.nph
000001E1 FDC219                  		SHLL #02H, R1, R9
000001E4 EF45                    		MOV.L R4, R5
000001E6 EF3F                    		MOV.L R3, R15
000001E8                         L50:	; bb14
                                 ;      91                     if(data[j]>data[j+gap]){
                                 		.LINE  "C:\Renesas\GitHubDesktop\workspaces\workspace_e2v202210\RXv3_RegBankSave\RXv3_RegBankSave_CCRX\src\RXv3_RegBankSave_CCRX_ex4.c",91
000001E8 FE62F8                  		MOV.L [R2,R15], R8
000001EB FF27F9                  		ADD R15, R9, R7
000001EE EC76                    		MOV.L [R7], R6
000001F0 4768                    		CMP R6, R8
000001F2 2Brr                    		BLE L52
000001F4                         L51:	; if_then_bb
                                 ;      92                         t = data[j];
                                 ;      93                         data[j] = data[j+gap];
                                 		.LINE  "C:\Renesas\GitHubDesktop\workspaces\workspace_e2v202210\RXv3_RegBankSave\RXv3_RegBankSave_CCRX\src\RXv3_RegBankSave_CCRX_ex4.c",93
000001F4 FE22F6                  		MOV.L R6, [R2,R15]
                                 		.LINE  "C:\Renesas\GitHubDesktop\workspaces\workspace_e2v202210\RXv3_RegBankSave\RXv3_RegBankSave_CCRX\src\RXv3_RegBankSave_CCRX_ex4.c",90
000001F7 43E5                    		SUB R14, R5
000001F9 43AF                    		SUB R10, R15
000001FB 4725                    		CMP R2, R5
                                 ;      94                         data[j+gap] = t;
                                 		.LINE  "C:\Renesas\GitHubDesktop\workspaces\workspace_e2v202210\RXv3_RegBankSave\RXv3_RegBankSave_CCRX\src\RXv3_RegBankSave_CCRX_ex4.c",94
000001FD E378                    		MOV.L R8, [R7]
000001FF 28rr                    		BGE L50
00000201                         L52:	; bb61
                                 		.LINE  "C:\Renesas\GitHubDesktop\workspaces\workspace_e2v202210\RXv3_RegBankSave\RXv3_RegBankSave_CCRX\src\RXv3_RegBankSave_CCRX_ex4.c",89
00000201 4BE4                    		ADD R14, R4
00000203 FF2F4E                  		ADD R4, R14, R15
00000206 4BA3                    		ADD R10, R3
00000208 619F                    		CMP #09H, R15
0000020A 2Brr                    		BLE L48
0000020C                         L53:	; bb66
0000020C 6212                    		ADD #01H, R2
0000020E 2Err                 B  		BRA L45
00000210                         L54:	; bb75
                                 ;      95                     }
                                 ;      96                     else
                                 ;      97                         break;
                                 ;      98                 }
                                 ;      99             }
                                 ;     100         }
                                 ;     101         gap = gap/2;
                                 		.LINE  "C:\Renesas\GitHubDesktop\workspaces\workspace_e2v202210\RXv3_RegBankSave\RXv3_RegBankSave_CCRX\src\RXv3_RegBankSave_CCRX_ex4.c",101
00000210 FD9FEF                  		SHLR #1FH, R14, R15
00000213 4BFE                    		ADD R15, R14
00000215 6A1E                    		SHAR #01H, R14
                                 		.LINE  "C:\Renesas\GitHubDesktop\workspaces\workspace_e2v202210\RXv3_RegBankSave\RXv3_RegBankSave_CCRX\src\RXv3_RegBankSave_CCRX_ex4.c",87
00000217 610E                    		CMP #00H, R14
00000219 6602                    		MOV.L #00000000H, R2
0000021B 2Arr                    		BGT L45
0000021D                         L55:	; return
                                 ;     102     }
                                 ;     103 }
                                 		.LINE  "C:\Renesas\GitHubDesktop\workspaces\workspace_e2v202210\RXv3_RegBankSave\RXv3_RegBankSave_CCRX\src\RXv3_RegBankSave_CCRX_ex4.c",103
0000021D 3F6B06                  		RTSD #18H, R6-R11
00000220                         _change:
                                 		.STACK	_change=44
                                 ;     104 
                                 ;     105 void change(long *data)
                                 		.LINE  "C:\Renesas\GitHubDesktop\workspaces\workspace_e2v202210\RXv3_RegBankSave\RXv3_RegBankSave_CCRX\src\RXv3_RegBankSave_CCRX_ex4.c",105
00000220 7100D8                  		ADD #0FFFFFFD8H, R0
00000223 662E                    		MOV.L #00000002H, R14
00000225 EF12                    		MOV.L R1, R2
00000227 EF03                    		MOV.L R0, R3
00000229                         L57:	; bb.split.clone
                                 ;     106 {
                                 ;     107     long tmp[10];
                                 ;     108     int i;
                                 ;     109 
                                 ;     110     for(i=0; i<10; i++){
                                 ;     111         tmp[i] = data[i];
                                 		.LINE  "C:\Renesas\GitHubDesktop\workspaces\workspace_e2v202210\RXv3_RegBankSave\RXv3_RegBankSave_CCRX\src\RXv3_RegBankSave_CCRX_ex4.c",111
00000229 FD2A1F                  		MOV.L [R1+], R15
0000022C FD2A14                  		MOV.L [R1+], R4
0000022F FD2A15                  		MOV.L [R1+], R5
00000232 A03C                    		MOV.L R4, 04H[R3]
00000234 FD2A14                  		MOV.L [R1+], R4
00000237 E33F                    		MOV.L R15, [R3]
00000239 A0BC                    		MOV.L R4, 0CH[R3]
0000023B FD2A14                  		MOV.L [R1+], R4
0000023E A0B5                    		MOV.L R5, 08H[R3]
00000240 A134                    		MOV.L R4, 10H[R3]
                                 		.LINE  "C:\Renesas\GitHubDesktop\workspaces\workspace_e2v202210\RXv3_RegBankSave\RXv3_RegBankSave_CCRX\src\RXv3_RegBankSave_CCRX_ex4.c",110
00000242 713314                  		ADD #14H, R3
00000245 601E                    		SUB #01H, R14
00000247 21rr                    		BNE L57
00000249                         L58:	; bb18.split.clone.loopexit
00000249 662E                    		MOV.L #00000002H, R14
0000024B 710114                  		ADD #14H, R0, R1
0000024E                         L59:	; bb18.split.clone
                                 ;     112     }
                                 ;     113     for(i=0; i<10; i++){
                                 ;     114         data[i] = tmp[9 - i];
                                 		.LINE  "C:\Renesas\GitHubDesktop\workspaces\workspace_e2v202210\RXv3_RegBankSave\RXv3_RegBankSave_CCRX\src\RXv3_RegBankSave_CCRX_ex4.c",114
0000024E A89B                    		MOV.L 0CH[R1], R3
00000250 A914                    		MOV.L 10H[R1], R4
00000252 A02B                    		MOV.L R3, 04H[R2]
00000254 A81B                    		MOV.L 04H[R1], R3
00000256 E324                    		MOV.L R4, [R2]
00000258 A0AB                    		MOV.L R3, 0CH[R2]
0000025A A894                    		MOV.L 08H[R1], R4
0000025C EC13                    		MOV.L [R1], R3
                                 		.LINE  "C:\Renesas\GitHubDesktop\workspaces\workspace_e2v202210\RXv3_RegBankSave\RXv3_RegBankSave_CCRX\src\RXv3_RegBankSave_CCRX_ex4.c",113
0000025E 7111EC                  		ADD #0FFFFFFECH, R1
                                 		.LINE  "C:\Renesas\GitHubDesktop\workspaces\workspace_e2v202210\RXv3_RegBankSave\RXv3_RegBankSave_CCRX\src\RXv3_RegBankSave_CCRX_ex4.c",114
00000261 A0A4                    		MOV.L R4, 08H[R2]
00000263 A123                    		MOV.L R3, 10H[R2]
                                 		.LINE  "C:\Renesas\GitHubDesktop\workspaces\workspace_e2v202210\RXv3_RegBankSave\RXv3_RegBankSave_CCRX\src\RXv3_RegBankSave_CCRX_ex4.c",113
00000265 712214                  		ADD #14H, R2
00000268 601E                    		SUB #01H, R14
0000026A 21rr                    		BNE L59
0000026C                         L60:	; return
                                 ;     115     }
                                 ;     116 }
                                 		.LINE  "C:\Renesas\GitHubDesktop\workspaces\workspace_e2v202210\RXv3_RegBankSave\RXv3_RegBankSave_CCRX\src\RXv3_RegBankSave_CCRX_ex4.c",116
0000026C 670A                    		RTSD #28H
0000026E                         __$i_hdr_4_2:
                                 		.STACK	__$i_hdr_4_2=60
                                 ;     117 
                                 ;     118 void *i_debug_ex4_1 = (void *)i_hdr_4_1;
                                 ;     119 
                                 ;     120 
                                 ;     121 
                                 ;     122 extern void i_fnc_4_2(void);
                                 ;     123 static void i_hdr_4_2(void);
                                 ;     124 
                                 ;     125 #pragma interrupt i_hdr_4_2(enable)
                                 ;     126 static void i_hdr_4_2(void)
                                 		.LINE  "C:\Renesas\GitHubDesktop\workspaces\workspace_e2v202210\RXv3_RegBankSave\RXv3_RegBankSave_CCRX\src\RXv3_RegBankSave_CCRX_ex4.c",126
0000026E 7FA8                    		SETPSW I
00000270 6EEF                    		PUSHM R14-R15
00000272 6E45                    		PUSHM R4-R5
00000274 7EA3                    		PUSH.L R3
00000276 FD1FB3                  		MVFACGU #00H, A1, R3
00000279 7EA2                    		PUSH.L R2
0000027B FD1F82                  		MVFACHI #00H, A1, R2
0000027E 7EA1                    		PUSH.L R1
00000280 FD1F91                  		MVFACLO #00H, A1, R1
00000283 7EA3                    		PUSH.L R3
00000285 FD1F33                  		MVFACGU #00H, A0, R3
00000288 7EA2                    		PUSH.L R2
0000028A FD1F02                  		MVFACHI #00H, A0, R2
0000028D 7EA1                    		PUSH.L R1
0000028F FD1F11                  		MVFACLO #00H, A0, R1
00000292 6E13                    		PUSHM R1-R3
                                 ;     127 {
                                 ;     128    i_fnc_4_2();
                                 		.LINE  "C:\Renesas\GitHubDesktop\workspaces\workspace_e2v202210\RXv3_RegBankSave\RXv3_RegBankSave_CCRX\src\RXv3_RegBankSave_CCRX_ex4.c",128
00000294 05rrrrrr             A  		BSR _i_fnc_4_2
00000298 7EB1                    		POP R1
0000029A 7EB2                    		POP R2
0000029C 7EB3                    		POP R3
0000029E FD1711                  		MVTACLO R1, A0
000002A1 FD1702                  		MVTACHI R2, A0
000002A4 7EB1                    		POP R1
000002A6 FD1733                  		MVTACGU R3, A0
000002A9 7EB2                    		POP R2
000002AB 7EB3                    		POP R3
000002AD FD1791                  		MVTACLO R1, A1
000002B0 FD1782                  		MVTACHI R2, A1
000002B3 FD17B3                  		MVTACGU R3, A1
000002B6 6F15                    		POPM R1-R5
000002B8 6FEF                    		POPM R14-R15
000002BA 7F95                    		RTE
000002BC                         __$i_hdr_4_3:
                                 		.STACK	__$i_hdr_4_3=32
                                 ;     129 }
                                 ;     130 
                                 ;     131 void *i_debug_ex4_2 = (void *)i_hdr_4_2;
                                 ;     132 
                                 ;     133 
                                 ;     134 
                                 ;     135 extern unsigned int cnt;
                                 ;     136 static void i_hdr_4_3(void);
                                 ;     137 
                                 ;     138 #pragma interrupt i_hdr_4_3(enable)
                                 ;     139 static void i_hdr_4_3(void)
                                 		.LINE  "C:\Renesas\GitHubDesktop\workspaces\workspace_e2v202210\RXv3_RegBankSave\RXv3_RegBankSave_CCRX\src\RXv3_RegBankSave_CCRX_ex4.c",139
000002BC 7FA8                    		SETPSW I
000002BE 7EA3                    		PUSH.L R3
000002C0 FD1F33                  		MVFACGU #00H, A0, R3
000002C3 7EA2                    		PUSH.L R2
000002C5 FD1F02                  		MVFACHI #00H, A0, R2
000002C8 7EA1                    		PUSH.L R1
000002CA FD1F11                  		MVFACLO #00H, A0, R1
000002CD 6E13                    		PUSHM R1-R3
                                 ;     140 {
                                 ;     141    cnt = cnt * cnt;
                                 		.LINE  "C:\Renesas\GitHubDesktop\workspaces\workspace_e2v202210\RXv3_RegBankSave\RXv3_RegBankSave_CCRX\src\RXv3_RegBankSave_CCRX_ex4.c",141
000002CF FB22rrrrrrrr            		MOV.L #_cnt, R2
000002D5 EC21                    		MOV.L [R2], R1
000002D7 4F11                    		MUL R1, R1
000002D9 E321                    		MOV.L R1, [R2]
000002DB 7EB1                    		POP R1
000002DD 7EB2                    		POP R2
000002DF 7EB3                    		POP R3
000002E1 FD1711                  		MVTACLO R1, A0
000002E4 FD1702                  		MVTACHI R2, A0
000002E7 FD1733                  		MVTACGU R3, A0
000002EA 6F13                    		POPM R1-R3
000002EC 7F95                    		RTE
000002EE                         __$i_hdr_4_4:
                                 		.STACK	__$i_hdr_4_4=16
                                 ;     142 }
                                 ;     143 
                                 ;     144 void *i_debug_ex4_3 = (void *)i_hdr_4_3;
                                 ;     145 
                                 ;     146 
                                 ;     147 
                                 ;     148 extern unsigned int cnt;
                                 ;     149 static void i_hdr_4_4(void);
                                 ;     150 
                                 ;     151 #pragma interrupt i_hdr_4_4(enable)
                                 ;     152 static void i_hdr_4_4(void)
                                 		.LINE  "C:\Renesas\GitHubDesktop\workspaces\workspace_e2v202210\RXv3_RegBankSave\RXv3_RegBankSave_CCRX\src\RXv3_RegBankSave_CCRX_ex4.c",152
000002EE 7FA8                    		SETPSW I
000002F0 6E12                    		PUSHM R1-R2
                                 ;     153 {
                                 ;     154    cnt++;
                                 		.LINE  "C:\Renesas\GitHubDesktop\workspaces\workspace_e2v202210\RXv3_RegBankSave\RXv3_RegBankSave_CCRX\src\RXv3_RegBankSave_CCRX_ex4.c",154
000002F2 FB22rrrrrrrr            		MOV.L #_cnt, R2
000002F8 EC21                    		MOV.L [R2], R1
000002FA 6211                    		ADD #01H, R1
000002FC E321                    		MOV.L R1, [R2]
000002FE 6F12                    		POPM R1-R2
00000300 7F95                    		RTE
                                 ;     155 }
                                 ;     156 
                                 ;     157 void *i_debug_ex4_4 = (void *)i_hdr_4_4;
                                 		.SECTION	L,ROMDATA,ALIGN=4
00000000                         _L10:
00000000 23232320                		.byte	"### Data Input ###"
         44617461                
         20496E70                
         75742023                
         2323                    
00000012 0A00                    		.byte	0AH,00H
00000014                         _L11:
00000014 64617461                		.byte	"data[%d]="
         5B25645D                
         3D                      
0000001D 00                      		.byte	00H
0000001E                         _L12:
0000001E 2563                    		.byte	"%c"
00000020 00                      		.byte	00H
00000021                         _L13:
00000021 0A                      		.byte	0AH
00000022 2B2B2B59                		.byte	"+++You can input only the decimal number.+++"
         6F752063                
         616E2069                
         6E707574                
         206F6E6C                
         79207468                
         65206465                
         63696D61                
         6C206E75                
         6D626572                
         2E2B2B2B                
0000004E 0A00                    		.byte	0AH,00H
00000050                         _L14:
00000050 2A2A2A20                		.byte	"*** Sorting results ***"
         536F7274                
         696E6720                
         72657375                
         6C747320                
         2A2A2A                  
00000067 0A00                    		.byte	0AH,00H
00000069                         _L15:
00000069 64617461                		.byte	"data[%d]=%ld"
         5B25645D                
         3D256C64                
00000075 0A00                    		.byte	0AH,00H
                                 		.SECTION	D,ROMDATA,ALIGN=4
00000000                         _i_debug_ex4_1:
00000000 rrrrrrrr                		.lword	__$i_hdr_4_1
00000004                         _i_debug_ex4_2:
00000004 rrrrrrrr                		.lword	__$i_hdr_4_2
00000008                         _i_debug_ex4_3:
00000008 rrrrrrrr                		.lword	__$i_hdr_4_3
0000000C                         _i_debug_ex4_4:
0000000C rrrrrrrr                		.lword	__$i_hdr_4_4
                                 		.END

Information List

TOTAL ERROR(S)    00000
TOTAL WARNING(S)  00000
TOTAL LINE(S)     00672   LINES

Section List

Attr         Size               Name
CODE     0000000770(00000302H)  P
ROMDATA  0000000119(00000077H)  L
ROMDATA  0000000016(00000010H)  D

Cpu Type

-ISA=RXV3 -FPU

Command Parameter

-subcommand=C:\Temp\DevTools\$ccrx4064F76\$ccrx\RXv3_RegBankSave_CCRX_ex4.src.cmd
    -nologo
    -isa=rxv3
    -fpu
    -fint_register=0
    -endian=little
    -goptimize
    -debug
    -dpfpu
    -bank
-listfile=C:\Renesas\GitHubDesktop\workspaces\workspace_e2v202210\RXv3_RegBankSave\RXv3_RegBankSave_CCRX\HardwareDebug\src\RXv3_RegBankSave_CCRX_ex4.lst
-output=C:\Renesas\GitHubDesktop\workspaces\workspace_e2v202210\RXv3_RegBankSave\RXv3_RegBankSave_CCRX\HardwareDebug\src\RXv3_RegBankSave_CCRX_ex4.obj
