* RX FAMILY ASSEMBLER V3.04.00.01 [10 Sep 2021] *  SOURCE LIST  Thu Jan 05 16:10:41 2023

LOC.     OBJ.              0XMDA SOURCE STATEMENT

                                 ;RX Family C/C++ Compiler (V3.04.00 [24 Nov 2021])  05-Jan-2023 16:10:40
                                 
                                 ;*** CPU TYPE ***
                                 
                                 ;-ISA=RXV3
                                 
                                 ;*** COMMAND PARAMETER ***
                                 
                                 ;-tfu=intrinsic,mathlib
                                 ;-isa=rxv3
                                 ;-fpu
                                 ;-dpfpu
                                 ;-save_acc
                                 ;-MAKEUD=C:\Renesas\GitHubDesktop\workspaces\workspace_e2v202210\RXv3_RegBankSave\RXv3_RegBankSave_CCRX\HardwareDebug\src
                                 ;-PARTICULAR
                                 ;-include=C:\Renesas\CS+\CC\CC-RX\V3.04.00\/include
                                 ;-include=C:\Renesas\GitHubDesktop\workspaces\workspace_e2v202210\RXv3_RegBankSave\RXv3_RegBankSave_CCRX\src\smc_gen\r_config
                                 ;-include=C:\Renesas\GitHubDesktop\workspaces\workspace_e2v202210\RXv3_RegBankSave\RXv3_RegBankSave_CCRX\src\smc_gen\r_pincfg
                                 ;-include=C:\Renesas\GitHubDesktop\workspaces\workspace_e2v202210\RXv3_RegBankSave\RXv3_RegBankSave_CCRX\src\smc_gen\general
                                 ;-include=C:\Renesas\GitHubDesktop\workspaces\workspace_e2v202210\RXv3_RegBankSave\RXv3_RegBankSave_CCRX\src\smc_gen\r_bsp
                                 ;-include=C:\Renesas\GitHubDesktop\workspaces\workspace_e2v202210\RXv3_RegBankSave\RXv3_RegBankSave_CCRX\src\smc_gen\Config_RIIC0
                                 ;-include=C:\Renesas\GitHubDesktop\workspaces\workspace_e2v202210\RXv3_RegBankSave\RXv3_RegBankSave_CCRX\src\smc_gen\Config_SCI0
                                 ;-include=C:\Renesas\GitHubDesktop\workspaces\workspace_e2v202210\RXv3_RegBankSave\RXv3_RegBankSave_CCRX\src\smc_gen\r_riic_rx
                                 ;-include=C:\Renesas\GitHubDesktop\workspaces\workspace_e2v202210\RXv3_RegBankSave\RXv3_RegBankSave_CCRX\src\smc_gen\r_riic_rx\src
                                 ;-include=C:\Renesas\GitHubDesktop\workspaces\workspace_e2v202210\RXv3_RegBankSave\RXv3_RegBankSave_CCRX\src\smc_gen\r_sci_iic_rx
                                 ;-include=C:\Renesas\GitHubDesktop\workspaces\workspace_e2v202210\RXv3_RegBankSave\RXv3_RegBankSave_CCRX\src\smc_gen\r_sci_iic_rx\src
                                 ;-include=C:\Renesas\GitHubDesktop\workspaces\workspace_e2v202210\RXv3_RegBankSave\RXv3_RegBankSave_CCRX\src\smc_gen\Config_MTU3_MTU4
                                 ;-asmopt=-bank
                                 ;-lang=c99
                                 ;-utf8
                                 ;-message
                                 ;-output=obj
                                 ;-obj_path=src
                                 ;-debug
                                 ;-outcode=utf8
                                 ;-listfile=src/RXv3_Check_FSQRT_DSQRT_etc.lst
                                 ;-show=source
                                 ;-optimize=max
                                 ;-goptimize
                                 ;-speed
                                 ;-type_size_access_to_volatile
                                 ;-nologo
                                 ;../src/RXv3_Check_FSQRT_DSQRT_etc.c
                                 
                                 		.glb	_m_debug_Check_Using_DSQRT
                                 		.glb	_m_debug_Check_Using_FSQRT
                                 		.glb	_d1
                                 		.glb	_d2
                                 		.glb	_f1
                                 		.glb	_f2
                                 		.glb	_m_debug_Check_Using_DDIV
                                 		.glb	_m_debug_Check_Using_FDIV
                                 		.glb	_dA
                                 		.glb	_dB
                                 		.glb	_dC
                                 		.glb	_dD
                                 		.glb	_m_debug_U_Check_DPUSHM_DPOPM
                                 		.glb	_m_debug_U_Check_TFU_sinf
                                 		.glb	_m_debug_U_Check_TFU_cosf
                                 		.glb	_m_debug_U_Check_TFU_atan2f
                                 		.glb	_m_debug_U_Check_TFU_hypotf
                                 		.glb	_m_debug_U_Check_TFU_asinf
                                 		.glb	_m_debug_U_Check_TFU_acosf
                                 		.glb	_m_debug_U_Check_TFU_atanf
                                 		.glb	_m_debug_U_Check_TFU_tanf
                                 		.glb	_Check_Using_DSQRT_FSQRT
                                 		.glb	_rot
                                 		.glb	_rot_2
                                 ;LineNo. C-SOURCE STATEMENT
                                 
                                 		.SECTION	P,CODE
00000000                         __$Check_Using_DSQRT:
                                 		.STACK	__$Check_Using_DSQRT=12
                                 ;       1 #include <math.h>
                                 ;       2 
                                 ;       3 #if defined(__CCRX__)
                                 ;       4 // Don't use -library=function option for this source file.
                                 ;       5 // Don't use -nouse_div_inst option for this source file.
                                 ;       6 // Use -tfu=intrinsic,mathlib option for this file.
                                 ;       7 #elif defined(__ICCRX__)
                                 ;       8 // Don't use --sqrt_must_set_errno option for this source file.
                                 ;       9 // Use --tfu intrinsic_mathlib option for this source file.
                                 ;      10 #elif defined(__GNUC__)
                                 ;      11 // Use -mrxv2-fsqrt option with -fno-math-errno option for this source file.
                                 ;      12 // Use -mtfu=intrinsic,mathlib option for this source file.
                                 ;      13 #endif
                                 ;      14 // Be aware that some RXv3 MCUs don't have all features of RXv3 as follows.
                                 ;      15 //                      RX66T RX66N RX671 RX660 RX72T RX72N RX72M
                                 ;      16 // Max Operating MHz    160   120   120   120   200   240   240
                                 ;      17 // Register Bank Save   x     o     o     o     o     o     o
                                 ;      18 // DPFPU                x     o     o     x     x     o     o
                                 ;      19 // TFU                  x     x     x     o     o     o     o
                                 ;      20 
                                 ;      21 static double Check_Using_DSQRT(double x);
                                 ;      22 static double Check_Using_DSQRT(double x)
                                 		.LINE  "C:\Renesas\GitHubDesktop\workspaces\workspace_e2v202210\RXv3_RegBankSave\RXv3_RegBankSave_CCRX\src\RXv3_Check_FSQRT_DSQRT_etc.c",22
00000000 75B000                  		DPUSHM.D DR0-DR0
00000003 FD778100                		DMOV.L R1, DRL0
00000007 FD778202                		DMOV.L R2, DRH0
                                 ;      23 {
                                 ;      24     return sqrt(x);  // DSQRT is used here directly.
                                 		.LINE  "C:\Renesas\GitHubDesktop\workspaces\workspace_e2v202210\RXv3_RegBankSave\RXv3_RegBankSave_CCRX\src\RXv3_Check_FSQRT_DSQRT_etc.c",24
0000000B 76900D00                		DSQRT DR0, DR0
                                 ;      25 }
                                 		.LINE  "C:\Renesas\GitHubDesktop\workspaces\workspace_e2v202210\RXv3_RegBankSave\RXv3_RegBankSave_CCRX\src\RXv3_Check_FSQRT_DSQRT_etc.c",25
0000000F FD758100                		DMOV.L DRL0, R1
00000013 FD758202                		DMOV.L DRH0, R2
00000017 75B800                  		DPOPM.D DR0-DR0
0000001A 02                      		RTS
0000001B                         __$Check_Using_FSQRT:
                                 		.STACK	__$Check_Using_FSQRT=4
                                 ;      26 
                                 ;      27 static float Check_Using_FSQRT(float x);
                                 ;      28 static float Check_Using_FSQRT(float x)
                                 		.LINE  "C:\Renesas\GitHubDesktop\workspaces\workspace_e2v202210\RXv3_RegBankSave\RXv3_RegBankSave_CCRX\src\RXv3_Check_FSQRT_DSQRT_etc.c",28
0000001B FCA311                  		FSQRT R1, R1
                                 ;      29 {
                                 ;      30     return sqrtf(x); // FSQRT is used here directly.
                                 ;      31 }
                                 		.LINE  "C:\Renesas\GitHubDesktop\workspaces\workspace_e2v202210\RXv3_RegBankSave\RXv3_RegBankSave_CCRX\src\RXv3_Check_FSQRT_DSQRT_etc.c",31
0000001E 02                      		RTS
0000001F                         __$Check_Using_DDIV:
                                 		.STACK	__$Check_Using_DDIV=20
                                 ;      32 
                                 ;      33 void *m_debug_Check_Using_DSQRT = (void *)Check_Using_DSQRT;
                                 ;      34 void *m_debug_Check_Using_FSQRT = (void *)Check_Using_FSQRT;
                                 ;      35 
                                 ;      36 double d1=1.0, d2=2.0;
                                 ;      37 float f1=1.0, f2=2.0;
                                 ;      38 
                                 ;      39 #if defined(__CCRX__)
                                 ;      40 
                                 ;      41 static void Check_Using_DDIV(void);
                                 ;      42 static void Check_Using_DDIV(void)
                                 		.LINE  "C:\Renesas\GitHubDesktop\workspaces\workspace_e2v202210\RXv3_RegBankSave\RXv3_RegBankSave_CCRX\src\RXv3_Check_FSQRT_DSQRT_etc.c",42
0000001F 75B001                  		DPUSHM.D DR0-DR1
                                 ;      43 {
                                 ;      44     d2 = d1 / d2;
                                 		.LINE  "C:\Renesas\GitHubDesktop\workspaces\workspace_e2v202210\RXv3_RegBankSave\RXv3_RegBankSave_CCRX\src\RXv3_Check_FSQRT_DSQRT_etc.c",44
00000022 FBE2rrrrrrrr            		MOV.L #_d1, R14
00000028 FCC8E810                		DMOV.D [R14], DR1
0000002C FBE2rrrrrrrr            		MOV.L #_d2, R14
00000032 FCC8E800                		DMOV.D [R14], DR0
00000036 76901500                		DDIV DR0, DR1, DR0
0000003A FC78E800                		DMOV.D DR0, [R14]
0000003E 75B801                  		DPOPM.D DR0-DR1
00000041 02                      		RTS
00000042                         __$Check_Using_FDIV:
                                 		.STACK	__$Check_Using_FDIV=4
                                 ;      45 }
                                 ;      46 
                                 ;      47 static void Check_Using_FDIV(void);
                                 ;      48 static void Check_Using_FDIV(void)
                                 ;      49 {
                                 ;      50     f2 = f1 / f2;
                                 		.LINE  "C:\Renesas\GitHubDesktop\workspaces\workspace_e2v202210\RXv3_RegBankSave\RXv3_RegBankSave_CCRX\src\RXv3_Check_FSQRT_DSQRT_etc.c",50
00000042 FBE2rrrrrrrr            		MOV.L #_f1, R14
00000048 ECEE                    		MOV.L [R14], R14
0000004A FB52rrrrrrrr            		MOV.L #_f2, R5
00000050 FC905E                  		FDIV [R5].L, R14
00000053 E35E                    		MOV.L R14, [R5]
00000055 02                      		RTS
00000056                         _Check_Using_DSQRT_FSQRT:
                                 		.STACK	_Check_Using_DSQRT_FSQRT=4
                                 ;      51 }
                                 ;      52 
                                 ;      53 void *m_debug_Check_Using_DDIV = (void *)Check_Using_DDIV;
                                 ;      54 void *m_debug_Check_Using_FDIV = (void *)Check_Using_FDIV;
                                 ;      55 
                                 ;      56 #endif
                                 ;      57 
                                 ;      58 void Check_Using_DSQRT_FSQRT(void);
                                 ;      59 void Check_Using_DSQRT_FSQRT(void)
                                 		.LINE  "C:\Renesas\GitHubDesktop\workspaces\workspace_e2v202210\RXv3_RegBankSave\RXv3_RegBankSave_CCRX\src\RXv3_Check_FSQRT_DSQRT_etc.c",59
00000056 6601                    		MOV.L #00000000H, R1
                                 ;      60 {
                                 ;      61     ((double (*)(double))m_debug_Check_Using_DSQRT)(4.0);
                                 		.LINE  "C:\Renesas\GitHubDesktop\workspaces\workspace_e2v202210\RXv3_RegBankSave\RXv3_RegBankSave_CCRX\src\RXv3_Check_FSQRT_DSQRT_etc.c",61
00000058 FBE2rrrrrrrr            		MOV.L #_m_debug_Check_Using_DSQRT, R14
0000005E ECEE                    		MOV.L [R14], R14
00000060 FB2200001040            		MOV.L #40100000H, R2
00000066 7F1E                    		JSR R14
                                 ;      62     ((float (*)(float))m_debug_Check_Using_FSQRT)(4.0);
                                 		.LINE  "C:\Renesas\GitHubDesktop\workspaces\workspace_e2v202210\RXv3_RegBankSave\RXv3_RegBankSave_CCRX\src\RXv3_Check_FSQRT_DSQRT_etc.c",62
00000068 FBE2rrrrrrrr            		MOV.L #_m_debug_Check_Using_FSQRT, R14
0000006E ECEE                    		MOV.L [R14], R14
00000070 FB1200008040            		MOV.L #40800000H, R1
00000076 7F1E                    		JSR R14
00000078 02                      		RTS
00000079                         __$Check_DPUSHM_DPOPM:
                                 		.STACK	__$Check_DPUSHM_DPOPM=132
                                 ;      63 }
                                 ;      64 
                                 ;      65 double dA, dB, dC, dD;
                                 ;      66 static void Check_DPUSHM_DPOPM(void);
                                 ;      67 static void Check_DPUSHM_DPOPM(void)
                                 		.LINE  "C:\Renesas\GitHubDesktop\workspaces\workspace_e2v202210\RXv3_RegBankSave\RXv3_RegBankSave_CCRX\src\RXv3_Check_FSQRT_DSQRT_etc.c",67
00000079 75B00F                  		DPUSHM.D DR0-DR15
                                 ;      68 {
                                 ;      69     double d3, d4, d5, d6, d7, d8, d9, d10, d11, d12, d13, d14, d15, d16;
                                 ;      70 
                                 ;      71     d3  = d1 + d2 +  3.0;
                                 		.LINE  "C:\Renesas\GitHubDesktop\workspaces\workspace_e2v202210\RXv3_RegBankSave\RXv3_RegBankSave_CCRX\src\RXv3_Check_FSQRT_DSQRT_etc.c",71
0000007C FBE2rrrrrrrr            		MOV.L #_d1, R14
00000082 FCC8E830                		DMOV.D [R14], DR3
00000086 FBE2rrrrrrrr            		MOV.L #_d2, R14
0000008C FCC8E810                		DMOV.D [R14], DR1
00000090 76903021                		DADD DR1, DR3, DR2
                                 ;      72     d4  = d1 - d2 +  4.0;
                                 		.LINE  "C:\Renesas\GitHubDesktop\workspaces\workspace_e2v202210\RXv3_RegBankSave\RXv3_RegBankSave_CCRX\src\RXv3_Check_FSQRT_DSQRT_etc.c",72
00000094 769031F1                		DSUB DR1, DR3, DR15
00000098 F9030300000840          		DMOV.D #40080000H, DRH0
0000009F F9031300001040          		DMOV.D #40100000H, DRH1
                                 		.LINE  "C:\Renesas\GitHubDesktop\workspaces\workspace_e2v202210\RXv3_RegBankSave\RXv3_RegBankSave_CCRX\src\RXv3_Check_FSQRT_DSQRT_etc.c",71
000000A6 76902000                		DADD DR0, DR2, DR0
                                 		.LINE  "C:\Renesas\GitHubDesktop\workspaces\workspace_e2v202210\RXv3_RegBankSave\RXv3_RegBankSave_CCRX\src\RXv3_Check_FSQRT_DSQRT_etc.c",72
000000AA 7690F0E1                		DADD DR1, DR15, DR14
000000AE F9031300001440          		DMOV.D #40140000H, DRH1
                                 ;      73     d5  = d1 + d2 +  5.0;
                                 		.LINE  "C:\Renesas\GitHubDesktop\workspaces\workspace_e2v202210\RXv3_RegBankSave\RXv3_RegBankSave_CCRX\src\RXv3_Check_FSQRT_DSQRT_etc.c",73
000000B5 769020D1                		DADD DR1, DR2, DR13
000000B9 F9031300001840          		DMOV.D #40180000H, DRH1
                                 ;      74     d6  = d1 - d2 +  6.0;
                                 ;      75     d7  = d1 + d2 +  7.0;
                                 ;      76     d8  = d1 - d2 +  8.0;
                                 ;      77     d9  = d1 + d2 +  9.0;
                                 ;      78     d10 = d1 - d2 + 10.0;
                                 ;      79     d11 = d1 + d2 + 11.0;
                                 ;      80     d12 = d1 - d2 + 12.0;
                                 ;      81     d13 = d1 + d2 + 13.0;
                                 ;      82     d14 = d1 - d2 + 14.0;
                                 ;      83     d15 = d1 + d2 + 15.0;
                                 ;      84     d16 = d1 - d2 + 16.0;
                                 ;      85 
                                 ;      86     dA = d3 + d4 + d5 + d6 + d7 + d8 + d9 + d10 + d11 + d12 + d13 + d14 + d15 + d16;
                                 		.LINE  "C:\Renesas\GitHubDesktop\workspaces\workspace_e2v202210\RXv3_RegBankSave\RXv3_RegBankSave_CCRX\src\RXv3_Check_FSQRT_DSQRT_etc.c",86
000000C0 7690003E                		DADD DR14, DR0, DR3
                                 		.LINE  "C:\Renesas\GitHubDesktop\workspaces\workspace_e2v202210\RXv3_RegBankSave\RXv3_RegBankSave_CCRX\src\RXv3_Check_FSQRT_DSQRT_etc.c",74
000000C4 7690F0C1                		DADD DR1, DR15, DR12
000000C8 F9031300001C40          		DMOV.D #401C0000H, DRH1
                                 		.LINE  "C:\Renesas\GitHubDesktop\workspaces\workspace_e2v202210\RXv3_RegBankSave\RXv3_RegBankSave_CCRX\src\RXv3_Check_FSQRT_DSQRT_etc.c",75
000000CF 769020B1                		DADD DR1, DR2, DR11
                                 		.LINE  "C:\Renesas\GitHubDesktop\workspaces\workspace_e2v202210\RXv3_RegBankSave\RXv3_RegBankSave_CCRX\src\RXv3_Check_FSQRT_DSQRT_etc.c",86
000000D3 FBF2rrrrrrrr            		MOV.L #_dA, R15
000000D9 7690303D                		DADD DR13, DR3, DR3
000000DD F9031300002040          		DMOV.D #40200000H, DRH1
                                 		.LINE  "C:\Renesas\GitHubDesktop\workspaces\workspace_e2v202210\RXv3_RegBankSave\RXv3_RegBankSave_CCRX\src\RXv3_Check_FSQRT_DSQRT_etc.c",76
000000E4 7690F0A1                		DADD DR1, DR15, DR10
000000E8 F9031300002240          		DMOV.D #40220000H, DRH1
                                 		.LINE  "C:\Renesas\GitHubDesktop\workspaces\workspace_e2v202210\RXv3_RegBankSave\RXv3_RegBankSave_CCRX\src\RXv3_Check_FSQRT_DSQRT_etc.c",86
000000EF 7690303C                		DADD DR12, DR3, DR3
                                 		.LINE  "C:\Renesas\GitHubDesktop\workspaces\workspace_e2v202210\RXv3_RegBankSave\RXv3_RegBankSave_CCRX\src\RXv3_Check_FSQRT_DSQRT_etc.c",77
000000F3 76902091                		DADD DR1, DR2, DR9
000000F7 F9031300002440          		DMOV.D #40240000H, DRH1
                                 		.LINE  "C:\Renesas\GitHubDesktop\workspaces\workspace_e2v202210\RXv3_RegBankSave\RXv3_RegBankSave_CCRX\src\RXv3_Check_FSQRT_DSQRT_etc.c",78
000000FE 7690F081                		DADD DR1, DR15, DR8
                                 		.LINE  "C:\Renesas\GitHubDesktop\workspaces\workspace_e2v202210\RXv3_RegBankSave\RXv3_RegBankSave_CCRX\src\RXv3_Check_FSQRT_DSQRT_etc.c",86
00000102 7690303B                		DADD DR11, DR3, DR3
00000106 F9031300002640          		DMOV.D #40260000H, DRH1
                                 		.LINE  "C:\Renesas\GitHubDesktop\workspaces\workspace_e2v202210\RXv3_RegBankSave\RXv3_RegBankSave_CCRX\src\RXv3_Check_FSQRT_DSQRT_etc.c",79
0000010D 76902071                		DADD DR1, DR2, DR7
00000111 F9031300002840          		DMOV.D #40280000H, DRH1
                                 		.LINE  "C:\Renesas\GitHubDesktop\workspaces\workspace_e2v202210\RXv3_RegBankSave\RXv3_RegBankSave_CCRX\src\RXv3_Check_FSQRT_DSQRT_etc.c",86
00000118 7690303A                		DADD DR10, DR3, DR3
                                 		.LINE  "C:\Renesas\GitHubDesktop\workspaces\workspace_e2v202210\RXv3_RegBankSave\RXv3_RegBankSave_CCRX\src\RXv3_Check_FSQRT_DSQRT_etc.c",80
0000011C 7690F061                		DADD DR1, DR15, DR6
                                 ;      87     dB = d3 * d4 * d5 * d6 * d7 * d8 * d9 * d10 * d11 * d12 * d13 * d14 * d15 * d16;
                                 		.LINE  "C:\Renesas\GitHubDesktop\workspaces\workspace_e2v202210\RXv3_RegBankSave\RXv3_RegBankSave_CCRX\src\RXv3_Check_FSQRT_DSQRT_etc.c",87
00000120 FBE2rrrrrrrr            		MOV.L #_dB, R14
00000126 F9031300002A40          		DMOV.D #402A0000H, DRH1
                                 		.LINE  "C:\Renesas\GitHubDesktop\workspaces\workspace_e2v202210\RXv3_RegBankSave\RXv3_RegBankSave_CCRX\src\RXv3_Check_FSQRT_DSQRT_etc.c",81
0000012D 76902051                		DADD DR1, DR2, DR5
                                 		.LINE  "C:\Renesas\GitHubDesktop\workspaces\workspace_e2v202210\RXv3_RegBankSave\RXv3_RegBankSave_CCRX\src\RXv3_Check_FSQRT_DSQRT_etc.c",86
00000131 76903039                		DADD DR9, DR3, DR3
00000135 F9031300002C40          		DMOV.D #402C0000H, DRH1
                                 		.LINE  "C:\Renesas\GitHubDesktop\workspaces\workspace_e2v202210\RXv3_RegBankSave\RXv3_RegBankSave_CCRX\src\RXv3_Check_FSQRT_DSQRT_etc.c",82
0000013C 7690F041                		DADD DR1, DR15, DR4
                                 		.LINE  "C:\Renesas\GitHubDesktop\workspaces\workspace_e2v202210\RXv3_RegBankSave\RXv3_RegBankSave_CCRX\src\RXv3_Check_FSQRT_DSQRT_etc.c",86
00000140 76903038                		DADD DR8, DR3, DR3
00000144 76903037                		DADD DR7, DR3, DR3
00000148 76903036                		DADD DR6, DR3, DR3
0000014C 76903035                		DADD DR5, DR3, DR3
00000150 76903014                		DADD DR4, DR3, DR1
00000154 F9033300002E40          		DMOV.D #402E0000H, DRH3
                                 		.LINE  "C:\Renesas\GitHubDesktop\workspaces\workspace_e2v202210\RXv3_RegBankSave\RXv3_RegBankSave_CCRX\src\RXv3_Check_FSQRT_DSQRT_etc.c",83
0000015B 76902033                		DADD DR3, DR2, DR3
                                 		.LINE  "C:\Renesas\GitHubDesktop\workspaces\workspace_e2v202210\RXv3_RegBankSave\RXv3_RegBankSave_CCRX\src\RXv3_Check_FSQRT_DSQRT_etc.c",86
0000015F 76901023                		DADD DR3, DR1, DR2
00000163 F9031300003040          		DMOV.D #40300000H, DRH1
                                 		.LINE  "C:\Renesas\GitHubDesktop\workspaces\workspace_e2v202210\RXv3_RegBankSave\RXv3_RegBankSave_CCRX\src\RXv3_Check_FSQRT_DSQRT_etc.c",84
0000016A 7690F011                		DADD DR1, DR15, DR1
                                 		.LINE  "C:\Renesas\GitHubDesktop\workspaces\workspace_e2v202210\RXv3_RegBankSave\RXv3_RegBankSave_CCRX\src\RXv3_Check_FSQRT_DSQRT_etc.c",86
0000016E 76902021                		DADD DR1, DR2, DR2
00000172 FC78F820                		DMOV.D DR2, [R15]
                                 ;      88     dC = d3 - d4 - d5 - d6 - d7 - d8 - d9 - d10 - d11 - d12 - d13 - d14 - d15 - d16;
                                 		.LINE  "C:\Renesas\GitHubDesktop\workspaces\workspace_e2v202210\RXv3_RegBankSave\RXv3_RegBankSave_CCRX\src\RXv3_Check_FSQRT_DSQRT_etc.c",88
00000176 FBF2rrrrrrrr            		MOV.L #_dC, R15
                                 		.LINE  "C:\Renesas\GitHubDesktop\workspaces\workspace_e2v202210\RXv3_RegBankSave\RXv3_RegBankSave_CCRX\src\RXv3_Check_FSQRT_DSQRT_etc.c",87
0000017C 7690022E                		DMUL DR14, DR0, DR2
00000180 7690222D                		DMUL DR13, DR2, DR2
00000184 7690222C                		DMUL DR12, DR2, DR2
00000188 7690222B                		DMUL DR11, DR2, DR2
0000018C 7690222A                		DMUL DR10, DR2, DR2
00000190 76902229                		DMUL DR9, DR2, DR2
00000194 76902228                		DMUL DR8, DR2, DR2
00000198 76902227                		DMUL DR7, DR2, DR2
0000019C 76902226                		DMUL DR6, DR2, DR2
000001A0 76902225                		DMUL DR5, DR2, DR2
000001A4 76902224                		DMUL DR4, DR2, DR2
000001A8 76902223                		DMUL DR3, DR2, DR2
000001AC 76902221                		DMUL DR1, DR2, DR2
000001B0 FC78E820                		DMOV.D DR2, [R14]
                                 ;      89     dD = d3 / d4 / d5 / d6 / d7 / d8 / d9 / d10 / d11 / d12 / d13 / d14 / d15 / d16;
                                 		.LINE  "C:\Renesas\GitHubDesktop\workspaces\workspace_e2v202210\RXv3_RegBankSave\RXv3_RegBankSave_CCRX\src\RXv3_Check_FSQRT_DSQRT_etc.c",89
000001B4 FBE2rrrrrrrr            		MOV.L #_dD, R14
                                 		.LINE  "C:\Renesas\GitHubDesktop\workspaces\workspace_e2v202210\RXv3_RegBankSave\RXv3_RegBankSave_CCRX\src\RXv3_Check_FSQRT_DSQRT_etc.c",88
000001BA 7690012E                		DSUB DR14, DR0, DR2
                                 		.LINE  "C:\Renesas\GitHubDesktop\workspaces\workspace_e2v202210\RXv3_RegBankSave\RXv3_RegBankSave_CCRX\src\RXv3_Check_FSQRT_DSQRT_etc.c",89
000001BE 7690050E                		DDIV DR14, DR0, DR0
                                 		.LINE  "C:\Renesas\GitHubDesktop\workspaces\workspace_e2v202210\RXv3_RegBankSave\RXv3_RegBankSave_CCRX\src\RXv3_Check_FSQRT_DSQRT_etc.c",88
000001C2 7690212D                		DSUB DR13, DR2, DR2
                                 		.LINE  "C:\Renesas\GitHubDesktop\workspaces\workspace_e2v202210\RXv3_RegBankSave\RXv3_RegBankSave_CCRX\src\RXv3_Check_FSQRT_DSQRT_etc.c",89
000001C6 7690050D                		DDIV DR13, DR0, DR0
                                 		.LINE  "C:\Renesas\GitHubDesktop\workspaces\workspace_e2v202210\RXv3_RegBankSave\RXv3_RegBankSave_CCRX\src\RXv3_Check_FSQRT_DSQRT_etc.c",88
000001CA 7690212C                		DSUB DR12, DR2, DR2
                                 		.LINE  "C:\Renesas\GitHubDesktop\workspaces\workspace_e2v202210\RXv3_RegBankSave\RXv3_RegBankSave_CCRX\src\RXv3_Check_FSQRT_DSQRT_etc.c",89
000001CE 7690050C                		DDIV DR12, DR0, DR0
                                 		.LINE  "C:\Renesas\GitHubDesktop\workspaces\workspace_e2v202210\RXv3_RegBankSave\RXv3_RegBankSave_CCRX\src\RXv3_Check_FSQRT_DSQRT_etc.c",88
000001D2 7690212B                		DSUB DR11, DR2, DR2
                                 		.LINE  "C:\Renesas\GitHubDesktop\workspaces\workspace_e2v202210\RXv3_RegBankSave\RXv3_RegBankSave_CCRX\src\RXv3_Check_FSQRT_DSQRT_etc.c",89
000001D6 7690050B                		DDIV DR11, DR0, DR0
                                 		.LINE  "C:\Renesas\GitHubDesktop\workspaces\workspace_e2v202210\RXv3_RegBankSave\RXv3_RegBankSave_CCRX\src\RXv3_Check_FSQRT_DSQRT_etc.c",88
000001DA 7690212A                		DSUB DR10, DR2, DR2
                                 		.LINE  "C:\Renesas\GitHubDesktop\workspaces\workspace_e2v202210\RXv3_RegBankSave\RXv3_RegBankSave_CCRX\src\RXv3_Check_FSQRT_DSQRT_etc.c",89
000001DE 7690050A                		DDIV DR10, DR0, DR0
                                 		.LINE  "C:\Renesas\GitHubDesktop\workspaces\workspace_e2v202210\RXv3_RegBankSave\RXv3_RegBankSave_CCRX\src\RXv3_Check_FSQRT_DSQRT_etc.c",88
000001E2 76902129                		DSUB DR9, DR2, DR2
                                 		.LINE  "C:\Renesas\GitHubDesktop\workspaces\workspace_e2v202210\RXv3_RegBankSave\RXv3_RegBankSave_CCRX\src\RXv3_Check_FSQRT_DSQRT_etc.c",89
000001E6 76900509                		DDIV DR9, DR0, DR0
                                 		.LINE  "C:\Renesas\GitHubDesktop\workspaces\workspace_e2v202210\RXv3_RegBankSave\RXv3_RegBankSave_CCRX\src\RXv3_Check_FSQRT_DSQRT_etc.c",88
000001EA 76902128                		DSUB DR8, DR2, DR2
                                 		.LINE  "C:\Renesas\GitHubDesktop\workspaces\workspace_e2v202210\RXv3_RegBankSave\RXv3_RegBankSave_CCRX\src\RXv3_Check_FSQRT_DSQRT_etc.c",89
000001EE 76900508                		DDIV DR8, DR0, DR0
                                 		.LINE  "C:\Renesas\GitHubDesktop\workspaces\workspace_e2v202210\RXv3_RegBankSave\RXv3_RegBankSave_CCRX\src\RXv3_Check_FSQRT_DSQRT_etc.c",88
000001F2 76902127                		DSUB DR7, DR2, DR2
                                 		.LINE  "C:\Renesas\GitHubDesktop\workspaces\workspace_e2v202210\RXv3_RegBankSave\RXv3_RegBankSave_CCRX\src\RXv3_Check_FSQRT_DSQRT_etc.c",89
000001F6 76900507                		DDIV DR7, DR0, DR0
                                 		.LINE  "C:\Renesas\GitHubDesktop\workspaces\workspace_e2v202210\RXv3_RegBankSave\RXv3_RegBankSave_CCRX\src\RXv3_Check_FSQRT_DSQRT_etc.c",88
000001FA 76902126                		DSUB DR6, DR2, DR2
                                 		.LINE  "C:\Renesas\GitHubDesktop\workspaces\workspace_e2v202210\RXv3_RegBankSave\RXv3_RegBankSave_CCRX\src\RXv3_Check_FSQRT_DSQRT_etc.c",89
000001FE 76900506                		DDIV DR6, DR0, DR0
                                 		.LINE  "C:\Renesas\GitHubDesktop\workspaces\workspace_e2v202210\RXv3_RegBankSave\RXv3_RegBankSave_CCRX\src\RXv3_Check_FSQRT_DSQRT_etc.c",88
00000202 76902125                		DSUB DR5, DR2, DR2
                                 		.LINE  "C:\Renesas\GitHubDesktop\workspaces\workspace_e2v202210\RXv3_RegBankSave\RXv3_RegBankSave_CCRX\src\RXv3_Check_FSQRT_DSQRT_etc.c",89
00000206 76900505                		DDIV DR5, DR0, DR0
                                 		.LINE  "C:\Renesas\GitHubDesktop\workspaces\workspace_e2v202210\RXv3_RegBankSave\RXv3_RegBankSave_CCRX\src\RXv3_Check_FSQRT_DSQRT_etc.c",88
0000020A 76902124                		DSUB DR4, DR2, DR2
                                 		.LINE  "C:\Renesas\GitHubDesktop\workspaces\workspace_e2v202210\RXv3_RegBankSave\RXv3_RegBankSave_CCRX\src\RXv3_Check_FSQRT_DSQRT_etc.c",89
0000020E 76900504                		DDIV DR4, DR0, DR0
                                 		.LINE  "C:\Renesas\GitHubDesktop\workspaces\workspace_e2v202210\RXv3_RegBankSave\RXv3_RegBankSave_CCRX\src\RXv3_Check_FSQRT_DSQRT_etc.c",88
00000212 76902123                		DSUB DR3, DR2, DR2
                                 		.LINE  "C:\Renesas\GitHubDesktop\workspaces\workspace_e2v202210\RXv3_RegBankSave\RXv3_RegBankSave_CCRX\src\RXv3_Check_FSQRT_DSQRT_etc.c",89
00000216 76900503                		DDIV DR3, DR0, DR0
                                 		.LINE  "C:\Renesas\GitHubDesktop\workspaces\workspace_e2v202210\RXv3_RegBankSave\RXv3_RegBankSave_CCRX\src\RXv3_Check_FSQRT_DSQRT_etc.c",88
0000021A 76902121                		DSUB DR1, DR2, DR2
                                 		.LINE  "C:\Renesas\GitHubDesktop\workspaces\workspace_e2v202210\RXv3_RegBankSave\RXv3_RegBankSave_CCRX\src\RXv3_Check_FSQRT_DSQRT_etc.c",89
0000021E 76900501                		DDIV DR1, DR0, DR0
                                 		.LINE  "C:\Renesas\GitHubDesktop\workspaces\workspace_e2v202210\RXv3_RegBankSave\RXv3_RegBankSave_CCRX\src\RXv3_Check_FSQRT_DSQRT_etc.c",88
00000222 FC78F820                		DMOV.D DR2, [R15]
                                 		.LINE  "C:\Renesas\GitHubDesktop\workspaces\workspace_e2v202210\RXv3_RegBankSave\RXv3_RegBankSave_CCRX\src\RXv3_Check_FSQRT_DSQRT_etc.c",89
00000226 FC78E800                		DMOV.D DR0, [R14]
0000022A 75B80F                  		DPOPM.D DR0-DR15
0000022D 02                      		RTS
0000022E                         __$Check_TFU_sinf:
                                 		.STACK	__$Check_TFU_sinf=4
                                 ;      90 }
                                 ;      91 
                                 ;      92 void *m_debug_U_Check_DPUSHM_DPOPM = (void *)Check_DPUSHM_DPOPM;
                                 ;      93 
                                 ;      94 static float Check_TFU_sinf(float x);
                                 ;      95 static float Check_TFU_sinf(float x)
                                 		.LINE  "C:\Renesas\GitHubDesktop\workspaces\workspace_e2v202210\RXv3_RegBankSave\RXv3_RegBankSave_CCRX\src\RXv3_Check_FSQRT_DSQRT_etc.c",95
0000022E FBEE141408              		MOV.L #00081414H, R14
                                 		.LINE  "C:\Renesas\CS_~1\CC\CC-RX\V304~1.00\include\builtin.h",177
00000233 E3E1                    		MOV.L R1, [R14]
00000235 ECE1                    		MOV.L [R14], R1
                                 ;      96 {
                                 ;      97     return sinf(x);
                                 ;      98 }
                                 		.LINE  "C:\Renesas\GitHubDesktop\workspaces\workspace_e2v202210\RXv3_RegBankSave\RXv3_RegBankSave_CCRX\src\RXv3_Check_FSQRT_DSQRT_etc.c",98
00000237 02                      		RTS
00000238                         __$Check_TFU_cosf:
                                 		.STACK	__$Check_TFU_cosf=4
                                 ;      99 
                                 ;     100 static float Check_TFU_cosf(float x);
                                 ;     101 static float Check_TFU_cosf(float x)
                                 		.LINE  "C:\Renesas\GitHubDesktop\workspaces\workspace_e2v202210\RXv3_RegBankSave\RXv3_RegBankSave_CCRX\src\RXv3_Check_FSQRT_DSQRT_etc.c",101
00000238 FB2E101408              		MOV.L #00081410H, R2
                                 		.LINE  "C:\Renesas\CS_~1\CC\CC-RX\V304~1.00\include\builtin.h",183
0000023D A029                    		MOV.L R1, 04H[R2]
0000023F EC21                    		MOV.L [R2], R1
                                 ;     102 {
                                 ;     103     return cosf(x);
                                 ;     104 }
                                 		.LINE  "C:\Renesas\GitHubDesktop\workspaces\workspace_e2v202210\RXv3_RegBankSave\RXv3_RegBankSave_CCRX\src\RXv3_Check_FSQRT_DSQRT_etc.c",104
00000241 02                      		RTS
00000242                         __$Check_TFU_atan2f:
                                 		.STACK	__$Check_TFU_atan2f=4
                                 ;     105 
                                 ;     106 static float Check_TFU_atan2f(float y, float x);
                                 ;     107 static float Check_TFU_atan2f(float y, float x)
                                 		.LINE  "C:\Renesas\GitHubDesktop\workspaces\workspace_e2v202210\RXv3_RegBankSave\RXv3_RegBankSave_CCRX\src\RXv3_Check_FSQRT_DSQRT_etc.c",107
00000242 FBEE181408              		MOV.L #00081418H, R14
                                 		.LINE  "C:\Renesas\CS_~1\CC\CC-RX\V304~1.00\include\builtin.h",189
00000247 FD22E2                  		MOV.L R2, [R14+]
0000024A E3E1                    		MOV.L R1, [R14]
0000024C ECE1                    		MOV.L [R14], R1
                                 ;     108 {
                                 ;     109     return atan2f(y, x);
                                 ;     110 }
                                 		.LINE  "C:\Renesas\GitHubDesktop\workspaces\workspace_e2v202210\RXv3_RegBankSave\RXv3_RegBankSave_CCRX\src\RXv3_Check_FSQRT_DSQRT_etc.c",110
0000024E 02                      		RTS
0000024F                         __$Check_TFU_hypotf:
                                 		.STACK	__$Check_TFU_hypotf=4
                                 ;     111 
                                 ;     112 static float Check_TFU_hypotf(float x, float y);
                                 ;     113 static float Check_TFU_hypotf(float x, float y)
                                 		.LINE  "C:\Renesas\GitHubDesktop\workspaces\workspace_e2v202210\RXv3_RegBankSave\RXv3_RegBankSave_CCRX\src\RXv3_Check_FSQRT_DSQRT_etc.c",113
0000024F FB3E181408              		MOV.L #00081418H, R3
                                 		.LINE  "C:\Renesas\CS_~1\CC\CC-RX\V304~1.00\include\builtin.h",195
00000254 E331                    		MOV.L R1, [R3]
00000256 A03A                    		MOV.L R2, 04H[R3]
00000258 EC31                    		MOV.L [R3], R1
0000025A FD7231EE741B3F          		FMUL #3F1B74EEH, R1
                                 ;     114 {
                                 ;     115     return hypotf(x, y);
                                 ;     116 }
                                 		.LINE  "C:\Renesas\GitHubDesktop\workspaces\workspace_e2v202210\RXv3_RegBankSave\RXv3_RegBankSave_CCRX\src\RXv3_Check_FSQRT_DSQRT_etc.c",116
00000261 02                      		RTS
00000262                         __$Check_TFU_asinf:
                                 		.STACK	__$Check_TFU_asinf=4
                                 ;     117 
                                 ;     118 static float Check_TFU_asinf(float x);
                                 ;     119 static float Check_TFU_asinf(float x)
                                 		.LINE  "C:\Renesas\GitHubDesktop\workspaces\workspace_e2v202210\RXv3_RegBankSave\RXv3_RegBankSave_CCRX\src\RXv3_Check_FSQRT_DSQRT_etc.c",119
00000262 FFBF11                  		FMUL R1, R1, R15
00000265 FBE20000803F            		MOV.L #3F800000H, R14
                                 		.LINE  "C:\Renesas\CS_~1\CC\CC-RX\V304~1.00\include\builtin.h",209
0000026B FC83FE                  		FSUB R15, R14
0000026E FCA3EF                  		FSQRT R14, R15
00000271 FBEE181408              		MOV.L #00081418H, R14
00000276 FD22EF                  		MOV.L R15, [R14+]
00000279 E3E1                    		MOV.L R1, [R14]
0000027B ECE1                    		MOV.L [R14], R1
                                 ;     120 {
                                 ;     121     return asinf(x);
                                 ;     122 }
                                 		.LINE  "C:\Renesas\GitHubDesktop\workspaces\workspace_e2v202210\RXv3_RegBankSave\RXv3_RegBankSave_CCRX\src\RXv3_Check_FSQRT_DSQRT_etc.c",122
0000027D 02                      		RTS
0000027E                         __$Check_TFU_acosf:
                                 		.STACK	__$Check_TFU_acosf=4
                                 ;     123 
                                 ;     124 static float Check_TFU_acosf(float x);
                                 ;     125 static float Check_TFU_acosf(float x)
                                 		.LINE  "C:\Renesas\GitHubDesktop\workspaces\workspace_e2v202210\RXv3_RegBankSave\RXv3_RegBankSave_CCRX\src\RXv3_Check_FSQRT_DSQRT_etc.c",125
0000027E FBFE181408              		MOV.L #00081418H, R15
                                 		.LINE  "C:\Renesas\CS_~1\CC\CC-RX\V304~1.00\include\builtin.h",203
00000283 FD22F1                  		MOV.L R1, [R15+]
00000286 FC8F11                  		FMUL R1, R1
00000289 FBE20000803F            		MOV.L #3F800000H, R14
0000028F FC831E                  		FSUB R1, R14
00000292 FCA3EE                  		FSQRT R14, R14
00000295 E3FE                    		MOV.L R14, [R15]
00000297 ECF1                    		MOV.L [R15], R1
                                 ;     126 {
                                 ;     127     return acosf(x);
                                 ;     128 }
                                 		.LINE  "C:\Renesas\GitHubDesktop\workspaces\workspace_e2v202210\RXv3_RegBankSave\RXv3_RegBankSave_CCRX\src\RXv3_Check_FSQRT_DSQRT_etc.c",128
00000299 02                      		RTS
0000029A                         __$Check_TFU_atanf:
                                 		.STACK	__$Check_TFU_atanf=4
                                 ;     129 
                                 ;     130 static float Check_TFU_atanf(float x);
                                 ;     131 static float Check_TFU_atanf(float x)
                                 		.LINE  "C:\Renesas\GitHubDesktop\workspaces\workspace_e2v202210\RXv3_RegBankSave\RXv3_RegBankSave_CCRX\src\RXv3_Check_FSQRT_DSQRT_etc.c",131
0000029A FBEE181408              		MOV.L #00081418H, R14
0000029F FBF20000803F            		MOV.L #3F800000H, R15
                                 		.LINE  "C:\Renesas\CS_~1\CC\CC-RX\V304~1.00\include\builtin.h",217
000002A5 FD22EF                  		MOV.L R15, [R14+]
000002A8 E3E1                    		MOV.L R1, [R14]
000002AA ECE1                    		MOV.L [R14], R1
                                 ;     132 {
                                 ;     133     return atanf(x);
                                 ;     134 }
                                 		.LINE  "C:\Renesas\GitHubDesktop\workspaces\workspace_e2v202210\RXv3_RegBankSave\RXv3_RegBankSave_CCRX\src\RXv3_Check_FSQRT_DSQRT_etc.c",134
000002AC 02                      		RTS
000002AD                         __$Check_TFU_tanf:
                                 		.STACK	__$Check_TFU_tanf=4
                                 ;     135 
                                 ;     136 static float Check_TFU_tanf(float x);
                                 ;     137 static float Check_TFU_tanf(float x)
                                 		.LINE  "C:\Renesas\GitHubDesktop\workspaces\workspace_e2v202210\RXv3_RegBankSave\RXv3_RegBankSave_CCRX\src\RXv3_Check_FSQRT_DSQRT_etc.c",137
000002AD FB2E101408              		MOV.L #00081410H, R2
                                 		.LINE  "C:\Renesas\CS_~1\CC\CC-RX\V304~1.00\include\builtin.h",159
000002B2 A029                    		MOV.L R1, 04H[R2]
000002B4 A829                    		MOV.L 04H[R2], R1
000002B6 EC2E                    		MOV.L [R2], R14
                                 		.LINE  "C:\Renesas\CS_~1\CC\CC-RX\V304~1.00\include\builtin.h",225
000002B8 FD721E00000000          		FCMP #00000000H, R14
000002BF 18                   S  		BNE L25
000002C0                         L24:	; _$__inline_tanf.exit
000002C0 FB120000807F            		MOV.L #7F800000H, R1
                                 ;     138 {
                                 ;     139     return tanf(x);
                                 ;     140 }
                                 		.LINE  "C:\Renesas\GitHubDesktop\workspaces\workspace_e2v202210\RXv3_RegBankSave\RXv3_RegBankSave_CCRX\src\RXv3_Check_FSQRT_DSQRT_etc.c",140
000002C6 02                      		RTS
000002C7                         L25:	; if_break_bb.i
                                 		.LINE  "C:\Renesas\CS_~1\CC\CC-RX\V304~1.00\include\builtin.h",229
000002C7 FC93E1                  		FDIV R14, R1
000002CA 02                      		RTS
000002CB                         _rot:
                                 		.STACK	_rot=4
                                 ;     141 
                                 ;     142 void *m_debug_U_Check_TFU_sinf   = (void *)Check_TFU_sinf;
                                 ;     143 void *m_debug_U_Check_TFU_cosf   = (void *)Check_TFU_cosf;
                                 ;     144 void *m_debug_U_Check_TFU_atan2f = (void *)Check_TFU_atan2f;
                                 ;     145 void *m_debug_U_Check_TFU_hypotf = (void *)Check_TFU_hypotf;
                                 ;     146 void *m_debug_U_Check_TFU_asinf  = (void *)Check_TFU_asinf;
                                 ;     147 void *m_debug_U_Check_TFU_acosf  = (void *)Check_TFU_acosf;
                                 ;     148 void *m_debug_U_Check_TFU_atanf  = (void *)Check_TFU_atanf;
                                 ;     149 void *m_debug_U_Check_TFU_tanf   = (void *)Check_TFU_tanf;
                                 ;     150 
                                 ;     151 struct vec { float X; float Y; };
                                 ;     152 void rot(float t, struct vec *v1, struct vec *v2);
                                 ;     153 void rot(float t, struct vec *v1, struct vec *v2)
                                 		.LINE  "C:\Renesas\GitHubDesktop\workspaces\workspace_e2v202210\RXv3_RegBankSave\RXv3_RegBankSave_CCRX\src\RXv3_Check_FSQRT_DSQRT_etc.c",153
000002CB FB4E101408              		MOV.L #00081410H, R4
                                 		.LINE  "C:\Renesas\CS_~1\CC\CC-RX\V304~1.00\include\builtin.h",177
000002D0 A049                    		MOV.L R1, 04H[R4]
                                 		.LINE  "C:\Renesas\CS_~1\CC\CC-RX\V304~1.00\include\builtin.h",184
000002D2 EC2F                    		MOV.L [R2], R15
                                 		.LINE  "C:\Renesas\CS_~1\CC\CC-RX\V304~1.00\include\builtin.h",177
000002D4 A849                    		MOV.L 04H[R4], R1
000002D6 EC4E                    		MOV.L [R4], R14
                                 		.LINE  "C:\Renesas\CS_~1\CC\CC-RX\V304~1.00\include\builtin.h",178
000002D8 A82C                    		MOV.L 04H[R2], R4
                                 		.LINE  "C:\Renesas\CS_~1\CC\CC-RX\V304~1.00\include\builtin.h",184
000002DA FC8FEF                  		FMUL R14, R15
                                 		.LINE  "C:\Renesas\CS_~1\CC\CC-RX\V304~1.00\include\builtin.h",178
000002DD FC8F14                  		FMUL R1, R4
                                 		.LINE  "C:\Renesas\CS_~1\CC\CC-RX\V304~1.00\include\builtin.h",184
000002E0 FC834F                  		FSUB R4, R15
000002E3 E33F                    		MOV.L R15, [R3]
                                 		.LINE  "C:\Renesas\CS_~1\CC\CC-RX\V304~1.00\include\builtin.h",178
000002E5 EC2F                    		MOV.L [R2], R15
                                 		.LINE  "C:\Renesas\CS_~1\CC\CC-RX\V304~1.00\include\builtin.h",184
000002E7 A82A                    		MOV.L 04H[R2], R2
                                 		.LINE  "C:\Renesas\CS_~1\CC\CC-RX\V304~1.00\include\builtin.h",178
000002E9 FC8FF1                  		FMUL R15, R1
                                 		.LINE  "C:\Renesas\CS_~1\CC\CC-RX\V304~1.00\include\builtin.h",184
000002EC FC8F2E                  		FMUL R2, R14
000002EF FC8BE1                  		FADD R14, R1
000002F2 A039                    		MOV.L R1, 04H[R3]
000002F4 02                      		RTS
000002F5                         _rot_2:
                                 		.STACK	_rot_2=4
                                 ;     154 {
                                 ;     155     v2->X = - sinf(t) * v1->Y + cosf(t) * v1->X;
                                 ;     156     v2->Y =   sinf(t) * v1->X + cosf(t) * v1->Y;
                                 ;     157 }
                                 ;     158 
                                 ;     159 #if defined(__ICCRX__)
                                 ;     160 #include <intrinsics.h>
                                 ;     161 #endif
                                 ;     162 
                                 ;     163 void rot_2(float t, struct vec *v1, struct vec *v2);
                                 ;     164 void rot_2(float t, struct vec *v1, struct vec *v2)
                                 		.LINE  "C:\Renesas\GitHubDesktop\workspaces\workspace_e2v202210\RXv3_RegBankSave\RXv3_RegBankSave_CCRX\src\RXv3_Check_FSQRT_DSQRT_etc.c",164
000002F5 FB4E101408              		MOV.L #00081410H, R4
                                 		.LINE  "C:\Renesas\CS_~1\CC\CC-RX\V304~1.00\include\builtin.h",159
000002FA A049                    		MOV.L R1, 04H[R4]
                                 ;     165 {
                                 ;     166     float sinf_t, cosf_t;
                                 ;     167 
                                 ;     168 #if defined(__CCRX__)
                                 ;     169     __sincosf(t, &sinf_t, &cosf_t);
                                 ;     170 #elif defined(__ICCRX__)
                                 ;     171     __sincosf(t, &sinf_t, &cosf_t);
                                 ;     172 #elif defined(__GNUC__)
                                 ;     173     __builtin_rx_sincosf(t, &sinf_t, &cosf_t);
                                 ;     174 #endif
                                 ;     175 
                                 ;     176     v2->X = - sinf_t * v1->Y + cosf_t * v1->X;
                                 		.LINE  "C:\Renesas\GitHubDesktop\workspaces\workspace_e2v202210\RXv3_RegBankSave\RXv3_RegBankSave_CCRX\src\RXv3_Check_FSQRT_DSQRT_etc.c",176
000002FC EC2E                    		MOV.L [R2], R14
                                 		.LINE  "C:\Renesas\CS_~1\CC\CC-RX\V304~1.00\include\builtin.h",159
000002FE A849                    		MOV.L 04H[R4], R1
00000300 EC4F                    		MOV.L [R4], R15
                                 		.LINE  "C:\Renesas\GitHubDesktop\workspaces\workspace_e2v202210\RXv3_RegBankSave\RXv3_RegBankSave_CCRX\src\RXv3_Check_FSQRT_DSQRT_etc.c",176
00000302 A82C                    		MOV.L 04H[R2], R4
00000304 FC8FFE                  		FMUL R15, R14
00000307 FFB514                  		FMUL R1, R4, R5
                                 ;     177     v2->Y =   sinf_t * v1->X + cosf_t * v1->Y;
                                 		.LINE  "C:\Renesas\GitHubDesktop\workspaces\workspace_e2v202210\RXv3_RegBankSave\RXv3_RegBankSave_CCRX\src\RXv3_Check_FSQRT_DSQRT_etc.c",177
0000030A FC8F4F                  		FMUL R4, R15
                                 		.LINE  "C:\Renesas\GitHubDesktop\workspaces\workspace_e2v202210\RXv3_RegBankSave\RXv3_RegBankSave_CCRX\src\RXv3_Check_FSQRT_DSQRT_etc.c",176
0000030D FC835E                  		FSUB R5, R14
00000310 E33E                    		MOV.L R14, [R3]
                                 		.LINE  "C:\Renesas\GitHubDesktop\workspaces\workspace_e2v202210\RXv3_RegBankSave\RXv3_RegBankSave_CCRX\src\RXv3_Check_FSQRT_DSQRT_etc.c",177
00000312 FC8C21                  		FMUL [R2].L, R1
00000315 FC8BF1                  		FADD R15, R1
00000318 A039                    		MOV.L R1, 04H[R3]
0000031A 02                      		RTS
                                 ;     178 }
                                 		.SECTION	D_8,ROMDATA,ALIGN=8
00000000                         _d1:
00000000 00000000                		.lword	00000000H	; double least significant word 1
00000004 0000F03F                		.lword	3FF00000H	; double most significant word 1
00000008                         _d2:
00000008 00000000                		.lword	00000000H	; double least significant word 2
0000000C 00000040                		.lword	40000000H	; double most significant word 2
                                 		.SECTION	D,ROMDATA,ALIGN=4
00000000                         _m_debug_Check_Using_DSQRT:
00000000 rrrrrrrr                		.lword	__$Check_Using_DSQRT
00000004                         _m_debug_Check_Using_FSQRT:
00000004 rrrrrrrr                		.lword	__$Check_Using_FSQRT
00000008                         _f1:
00000008 0000803F                		.lword	3F800000H	; float 1
0000000C                         _f2:
0000000C 00000040                		.lword	40000000H	; float 2
00000010                         _m_debug_Check_Using_DDIV:
00000010 rrrrrrrr                		.lword	__$Check_Using_DDIV
00000014                         _m_debug_Check_Using_FDIV:
00000014 rrrrrrrr                		.lword	__$Check_Using_FDIV
00000018                         _m_debug_U_Check_DPUSHM_DPOPM:
00000018 rrrrrrrr                		.lword	__$Check_DPUSHM_DPOPM
0000001C                         _m_debug_U_Check_TFU_sinf:
0000001C rrrrrrrr                		.lword	__$Check_TFU_sinf
00000020                         _m_debug_U_Check_TFU_cosf:
00000020 rrrrrrrr                		.lword	__$Check_TFU_cosf
00000024                         _m_debug_U_Check_TFU_atan2f:
00000024 rrrrrrrr                		.lword	__$Check_TFU_atan2f
00000028                         _m_debug_U_Check_TFU_hypotf:
00000028 rrrrrrrr                		.lword	__$Check_TFU_hypotf
0000002C                         _m_debug_U_Check_TFU_asinf:
0000002C rrrrrrrr                		.lword	__$Check_TFU_asinf
00000030                         _m_debug_U_Check_TFU_acosf:
00000030 rrrrrrrr                		.lword	__$Check_TFU_acosf
00000034                         _m_debug_U_Check_TFU_atanf:
00000034 rrrrrrrr                		.lword	__$Check_TFU_atanf
00000038                         _m_debug_U_Check_TFU_tanf:
00000038 rrrrrrrr                		.lword	__$Check_TFU_tanf
                                 		.SECTION	B_8,DATA,ALIGN=8
00000000                         _dA:
00000000(00000008H)              		.blkl	2
00000008                         _dB:
00000008(00000008H)              		.blkl	2
00000010                         _dC:
00000010(00000008H)              		.blkl	2
00000018                         _dD:
00000018(00000008H)              		.blkl	2
                                 		.END

Information List

TOTAL ERROR(S)    00000
TOTAL WARNING(S)  00000
TOTAL LINE(S)     00663   LINES

Section List

Attr         Size               Name
CODE     0000000795(0000031BH)  P
ROMDATA  0000000016(00000010H)  D_8
ROMDATA  0000000060(0000003CH)  D
DATA     0000000032(00000020H)  B_8

Cpu Type

-ISA=RXV3 -FPU

Command Parameter

-subcommand=C:\Temp\DevTools\$ccrx3E329E0\$ccrx\RXv3_Check_FSQRT_DSQRT_etc.src.cmd
    -nologo
    -isa=rxv3
    -fpu
    -fint_register=0
    -endian=little
    -goptimize
    -debug
    -dpfpu
    -bank
-listfile=C:\Renesas\GitHubDesktop\workspaces\workspace_e2v202210\RXv3_RegBankSave\RXv3_RegBankSave_CCRX\HardwareDebug\src\RXv3_Check_FSQRT_DSQRT_etc.lst
-output=C:\Renesas\GitHubDesktop\workspaces\workspace_e2v202210\RXv3_RegBankSave\RXv3_RegBankSave_CCRX\HardwareDebug\src\RXv3_Check_FSQRT_DSQRT_etc.obj
